This is pdfTeX, Version 3.1415926-2.5-1.40.14 (TeX Live 2013/Debian) (format=pdflatex 2014.10.24)  26 OCT 2014 16:43
entering extended mode
 restricted \write18 enabled.
 %&-line parsing enabled.
**nim_tof12
(./nim_tof12.tex
LaTeX2e <2011/06/27>
Babel <3.9h> and hyphenation patterns for 4 languages loaded.
(./elsarticle.cls
Document Class: elsarticle 2009/09/17, 1.20b: Elsevier Ltd
\@bls=\dimen102
(/usr/share/texlive/texmf-dist/tex/latex/base/article.cls
Document Class: article 2007/10/19 v1.4h Standard LaTeX document class
(/usr/share/texlive/texmf-dist/tex/latex/base/size12.clo
File: size12.clo 2007/10/19 v1.4h Standard LaTeX file (size option)
)
\c@part=\count79
\c@section=\count80
\c@subsection=\count81
\c@subsubsection=\count82
\c@paragraph=\count83
\c@subparagraph=\count84
\c@figure=\count85
\c@table=\count86
\abovecaptionskip=\skip41
\belowcaptionskip=\skip42
\bibindent=\dimen103
)
(/usr/share/texlive/texmf-dist/tex/latex/graphics/graphicx.sty
Package: graphicx 1999/02/16 v1.0f Enhanced LaTeX Graphics (DPC,SPQR)

(/usr/share/texlive/texmf-dist/tex/latex/graphics/keyval.sty
Package: keyval 1999/03/16 v1.13 key=value parser (DPC)
\KV@toks@=\toks14
)
(/usr/share/texlive/texmf-dist/tex/latex/graphics/graphics.sty
Package: graphics 2009/02/05 v1.0o Standard LaTeX Graphics (DPC,SPQR)

(/usr/share/texlive/texmf-dist/tex/latex/graphics/trig.sty
Package: trig 1999/03/16 v1.09 sin cos tan (DPC)
)
(/usr/share/texlive/texmf-dist/tex/latex/latexconfig/graphics.cfg
File: graphics.cfg 2010/04/23 v1.9 graphics configuration of TeX Live
)
Package graphics Info: Driver file: pdftex.def on input line 91.

(/usr/share/texlive/texmf-dist/tex/latex/pdftex-def/pdftex.def
File: pdftex.def 2011/05/27 v0.06d Graphics/color for pdfTeX

(/usr/share/texlive/texmf-dist/tex/generic/oberdiek/infwarerr.sty
Package: infwarerr 2010/04/08 v1.3 Providing info/warning/error messages (HO)
)
(/usr/share/texlive/texmf-dist/tex/generic/oberdiek/ltxcmds.sty
Package: ltxcmds 2011/11/09 v1.22 LaTeX kernel commands for general use (HO)
)
\Gread@gobject=\count87
))
\Gin@req@height=\dimen104
\Gin@req@width=\dimen105
)
(/usr/share/texlive/texmf-dist/tex/latex/psnfss/pifont.sty
Package: pifont 2005/04/12 PSNFSS-v9.2a Pi font support (SPQR) 
LaTeX Font Info:    Try loading font information for U+pzd on input line 63.

(/usr/share/texlive/texmf-dist/tex/latex/psnfss/upzd.fd
File: upzd.fd 2001/06/04 font definitions for U/pzd.
)
LaTeX Font Info:    Try loading font information for U+psy on input line 64.

(/usr/share/texlive/texmf-dist/tex/latex/psnfss/upsy.fd
File: upsy.fd 2001/06/04 font definitions for U/psy.
))
\c@tnote=\count88
\c@fnote=\count89
\c@cnote=\count90
\c@ead=\count91
\c@author=\count92
\@eadauthor=\toks15
\c@affn=\count93
\absbox=\box26
\keybox=\box27
\Columnwidth=\dimen106
\space@left=\dimen107
\els@boxa=\box28
\els@boxb=\box29
\leftMargin=\dimen108
\@enLab=\toks16
\@sep=\skip43
\@@sep=\skip44
 (./nim_tof12.spl)
(/usr/share/texlive/texmf-dist/tex/latex/natbib/natbib.sty
Package: natbib 2010/09/13 8.31b (PWD, AO)
\bibhang=\skip45
\bibsep=\skip46
LaTeX Info: Redefining \cite on input line 694.
\c@NAT@ctr=\count94
)
\splwrite=\write3
\openout3 = `nim_tof12.spl'.

\appnamewidth=\dimen109
)
(/usr/share/texlive/texmf-dist/tex/latex/amsmath/amsmath.sty
Package: amsmath 2013/01/14 v2.14 AMS math features
\@mathmargin=\skip47

For additional information on amsmath, use the `?' option.
(/usr/share/texlive/texmf-dist/tex/latex/amsmath/amstext.sty
Package: amstext 2000/06/29 v2.01

(/usr/share/texlive/texmf-dist/tex/latex/amsmath/amsgen.sty
File: amsgen.sty 1999/11/30 v2.0
\@emptytoks=\toks17
\ex@=\dimen110
))
(/usr/share/texlive/texmf-dist/tex/latex/amsmath/amsbsy.sty
Package: amsbsy 1999/11/29 v1.2d
\pmbraise@=\dimen111
)
(/usr/share/texlive/texmf-dist/tex/latex/amsmath/amsopn.sty
Package: amsopn 1999/12/14 v2.01 operator names
)
\inf@bad=\count95
LaTeX Info: Redefining \frac on input line 210.
\uproot@=\count96
\leftroot@=\count97
LaTeX Info: Redefining \overline on input line 306.
\classnum@=\count98
\DOTSCASE@=\count99
LaTeX Info: Redefining \ldots on input line 378.
LaTeX Info: Redefining \dots on input line 381.
LaTeX Info: Redefining \cdots on input line 466.
\Mathstrutbox@=\box30
\strutbox@=\box31
\big@size=\dimen112
LaTeX Font Info:    Redeclaring font encoding OML on input line 566.
LaTeX Font Info:    Redeclaring font encoding OMS on input line 567.
\macc@depth=\count100
\c@MaxMatrixCols=\count101
\dotsspace@=\muskip10
\c@parentequation=\count102
\dspbrk@lvl=\count103
\tag@help=\toks18
\row@=\count104
\column@=\count105
\maxfields@=\count106
\andhelp@=\toks19
\eqnshift@=\dimen113
\alignsep@=\dimen114
\tagshift@=\dimen115
\tagwidth@=\dimen116
\totwidth@=\dimen117
\lineht@=\dimen118
\@envbody=\toks20
\multlinegap=\skip48
\multlinetaggap=\skip49
\mathdisplay@stack=\toks21
LaTeX Info: Redefining \[ on input line 2665.
LaTeX Info: Redefining \] on input line 2666.
)
(/usr/share/texlive/texmf-dist/tex/latex/preprint/fullpage.sty
Package: fullpage 1999/02/23 1.1 (PWD)
\FP@margin=\skip50
)
(/usr/share/texlive/texmf-dist/tex/latex/caption/caption.sty
Package: caption 2013/05/02 v3.3-89 Customizing captions (AR)

(/usr/share/texlive/texmf-dist/tex/latex/caption/caption3.sty
Package: caption3 2013/05/02 v1.6-88 caption3 kernel (AR)
Package caption3 Info: TeX engine: e-TeX on input line 57.
\captionmargin=\dimen119
\captionmargin@=\dimen120
\captionwidth=\dimen121
\caption@tempdima=\dimen122
\caption@indent=\dimen123
\caption@parindent=\dimen124
\caption@hangindent=\dimen125
)
\c@ContinuedFloat=\count107
)
(/usr/share/texlive/texmf-dist/tex/latex/float/float.sty
Package: float 2001/11/08 v1.3d Float enhancements (AL)
\c@float@type=\count108
\float@exts=\toks22
\float@box=\box32
\@float@everytoks=\toks23
\@floatcapt=\box33
)
(/usr/share/texlive/texmf-dist/tex/latex/amsfonts/amssymb.sty
Package: amssymb 2013/01/14 v3.01 AMS font symbols

(/usr/share/texlive/texmf-dist/tex/latex/amsfonts/amsfonts.sty
Package: amsfonts 2013/01/14 v3.01 Basic AMSFonts support
\symAMSa=\mathgroup4
\symAMSb=\mathgroup5
LaTeX Font Info:    Overwriting math alphabet `\mathfrak' in version `bold'
(Font)                  U/euf/m/n --> U/euf/b/n on input line 106.
))
(/usr/share/texlive/texmf-dist/tex/latex/tools/array.sty
Package: array 2008/09/09 v2.4c Tabular extension package (FMi)
\col@sep=\dimen126
\extrarowheight=\dimen127
\NC@list=\toks24
\extratabsurround=\skip51
\backup@length=\skip52
)
(/usr/share/texlive/texmf-dist/tex/latex/ms/ragged2e.sty
Package: ragged2e 2009/05/21 v2.1 ragged2e Package (MS)

(/usr/share/texlive/texmf-dist/tex/latex/ms/everysel.sty
Package: everysel 2011/10/28 v1.2 EverySelectfont Package (MS)
)
\CenteringLeftskip=\skip53
\RaggedLeftLeftskip=\skip54
\RaggedRightLeftskip=\skip55
\CenteringRightskip=\skip56
\RaggedLeftRightskip=\skip57
\RaggedRightRightskip=\skip58
\CenteringParfillskip=\skip59
\RaggedLeftParfillskip=\skip60
\RaggedRightParfillskip=\skip61
\JustifyingParfillskip=\skip62
\CenteringParindent=\skip63
\RaggedLeftParindent=\skip64
\RaggedRightParindent=\skip65
\JustifyingParindent=\skip66
)
(/usr/share/texlive/texmf-dist/tex/latex/pst-node/pst-node.sty
Package: pst-node 2012/09/18 v1.01 LaTeX wrapper for `pst-node' (HV)

(/usr/share/texlive/texmf-dist/tex/latex/pstricks/pstricks.sty
Package: pstricks 2013/12/12 v0.60 LaTeX wrapper for `PSTricks' (RN,HV)

(/usr/share/texlive/texmf-dist/tex/generic/oberdiek/ifpdf.sty
Package: ifpdf 2011/01/30 v2.3 Provides the ifpdf switch (HO)
Package ifpdf Info: pdfTeX in PDF mode is detected.
)
(/usr/share/texlive/texmf-dist/tex/generic/pstricks/pstricks.tex
(/usr/share/texlive/texmf-dist/tex/generic/xkeyval/pst-xkey.tex
File: pst-xkey.tex 2005/11/25 v1.6 PSTricks specialization of xkeyval (HA)

(/usr/share/texlive/texmf-dist/tex/latex/xkeyval/xkeyval.sty
Package: xkeyval 2012/10/14 v2.6b package option processing (HA)

(/usr/share/texlive/texmf-dist/tex/generic/xkeyval/xkeyval.tex
\XKV@toks=\toks25
\XKV@tempa@toks=\toks26
\XKV@depth=\count109
File: xkeyval.tex 2012/10/14 v2.6b key=value parser (HA)
)))
(/usr/share/texlive/texmf-dist/tex/generic/pstricks/pst-fp.tex
`pst-fp' v0.05, 2010/01/17 (hv)
\pstFP@xs=\count110
\pstFP@xia=\count111
\pstFP@xib=\count112
\pstFP@xfa=\count113
\pstFP@xfb=\count114
\pstFP@rega=\count115
\pstFP@regb=\count116
\pstFP@regs=\count117
\pstFP@times=\count118
)
(/usr/share/texmf/tex/generic/pgf/utilities/pgfutil-common.tex
\pgfutil@everybye=\toks27
)
(/usr/share/texmf/tex/generic/pgf/utilities/pgfkeys.code.tex
\pgfkeys@pathtoks=\toks28
\pgfkeys@temptoks=\toks29

(/usr/share/texmf/tex/generic/pgf/utilities/pgfkeysfiltered.code.tex
\pgfkeys@tmptoks=\toks30
))
(/usr/share/texmf/tex/generic/pgf/utilities/pgffor.code.tex
\pgffor@iter=\dimen128
\pgffor@skip=\dimen129
\pgffor@stack=\toks31
\pgffor@toks=\toks32
)
\psLoopIndex=\count119

`PSTricks' v2.51  <2014/02/03> (tvz)
\pst@dima=\dimen130
\pst@dimb=\dimen131
\pst@dimc=\dimen132
\pst@dimd=\dimen133
\pst@dimg=\dimen134
\pst@dimh=\dimen135
\pst@dimm=\dimen136
\pst@dimn=\dimen137
\pst@dimo=\dimen138
\pst@dimp=\dimen139
\pst@hbox=\box34
\pst@ibox=\box35
\pst@boxg=\box36
\pst@cnta=\count120
\pst@cntb=\count121
\pst@cntc=\count122
\pst@cntd=\count123
\pst@cntg=\count124
\pst@cnth=\count125
\pst@cntm=\count126
\pst@cntn=\count127
\pst@cnto=\count128
\pst@cntp=\count129
\@zero=\count130
\pst@toks=\toks33
(/usr/share/texlive/texmf-dist/tex/generic/pstricks/pstricks.con)
\psunit=\dimen140
\psxunit=\dimen141
\psyunit=\dimen142
\pst@C@@rType=\count131
\pslinewidth=\dimen143
\psk@startLW=\dimen144
\psk@endLW=\dimen145
\pst@customdefs=\toks34
\pslinearc=\dimen146
\pst@symbolStep=\dimen147
\pst@symbolWidth=\dimen148
\pst@symbolLinewidth=\dimen149
\everypsbox=\toks35
\psframesep=\dimen150
\pslabelsep=\dimen151
\sh@wgridXunit=\dimen152
\sh@wgridYunit=\dimen153
\pst@shift=\dimen154
)
File: pstricks.tex 2014/02/03 v2.51 `PSTricks' (tvz,hv)

(/usr/share/texlive/texmf-dist/tex/generic/pstricks/pst-fp.tex)
File: pst-fp.tex 2014/02/03 v2.51 `PST-fp' (hv)

(/usr/share/texmf/tex/latex/xcolor/xcolor.sty
Package: xcolor 2007/01/21 v2.11 LaTeX color extensions (UK)

(/usr/share/texlive/texmf-dist/tex/latex/latexconfig/color.cfg
File: color.cfg 2007/01/18 v1.5 color configuration of teTeX/TeXLive
)
Package xcolor Info: Driver file: pdftex.def on input line 225.
Package xcolor Info: Model `cmy' substituted by `cmy0' on input line 1337.
Package xcolor Info: Model `hsb' substituted by `rgb' on input line 1341.
Package xcolor Info: Model `RGB' extended on input line 1353.
Package xcolor Info: Model `HTML' substituted by `rgb' on input line 1355.
Package xcolor Info: Model `Hsb' substituted by `hsb' on input line 1356.
Package xcolor Info: Model `tHsb' substituted by `hsb' on input line 1357.
Package xcolor Info: Model `HSB' substituted by `hsb' on input line 1358.
Package xcolor Info: Model `Gray' substituted by `gray' on input line 1359.
Package xcolor Info: Model `wave' substituted by `hsb' on input line 1360.
))
Package: pst-node 2010/04/22 package wrapper for pst-node.tex

(/usr/share/texlive/texmf-dist/tex/generic/pst-node/pst-node.tex
 v1.32, 2014/02/03
\psrow=\count132
\pscol=\count133
\psmatrixcnt=\count134
\psrowsep=\skip67
\pscolsep=\skip68
\pst@args=\count135
\num@pts=\count136
\pst@argcnt=\count137
)
File: pst-node.tex 2014/02/03 1.32 `pst-node' (tvz,hv)
)
(/usr/share/texlive/texmf-dist/tex/latex/pst-dbicons/pst-dbicons.sty
Style `pst-dbicons', Version 0.16 <2010/03/25>
Package: pst-dbicons 2010/03/25 0.16
\@attrdist=\dimen155
\rolepos=\toks36
\cardpos=\toks37
) (/usr/share/texlive/texmf-dist/tex/latex/pst-blur/pst-blur.sty
Package: pst-blur 2005/09/08 package wrapper for pst-blur.tex (hv)

(/usr/share/texlive/texmf-dist/tex/generic/pst-blur/pst-blur.tex
 v2.0, 2005/09/08)
File: pst-blur.tex 2005/09/08 v2.0 `PST-blur' (hv)
)
(/usr/share/texlive/texmf-dist/tex/latex/comment/comment.sty
\CommentStream=\write4

Excluding comment 'comment')
(/usr/share/texlive/texmf-dist/tex/latex/subfigure/subfigure.sty
Package: subfigure 2002/03/15 v2.1.5 subfigure package
\subfigtopskip=\skip69
\subfigcapskip=\skip70
\subfigcaptopadj=\dimen156
\subfigbottomskip=\skip71
\subfigcapmargin=\dimen157
\subfiglabelskip=\skip72
\c@subfigure=\count138
\c@lofdepth=\count139
\c@subtable=\count140
\c@lotdepth=\count141

****************************************
* Local config file subfigure.cfg used *
****************************************
(/usr/share/texlive/texmf-dist/tex/latex/subfigure/subfigure.cfg)
\subfig@top=\skip73
\subfig@bottom=\skip74
)
(/usr/share/texlive/texmf-dist/tex/latex/graphics/lscape.sty
Package: lscape 2000/10/22 v3.01 Landscape Pages (DPC)
)
(/usr/share/texlive/texmf-dist/tex/latex/multirow/multirow.sty
\bigstrutjot=\dimen158
)
(/usr/share/texlive/texmf-dist/tex/latex/hyperref/hyperref.sty
Package: hyperref 2012/11/06 v6.83m Hypertext links for LaTeX

(/usr/share/texlive/texmf-dist/tex/generic/oberdiek/hobsub-hyperref.sty
Package: hobsub-hyperref 2012/05/28 v1.13 Bundle oberdiek, subset hyperref (HO)


(/usr/share/texlive/texmf-dist/tex/generic/oberdiek/hobsub-generic.sty
Package: hobsub-generic 2012/05/28 v1.13 Bundle oberdiek, subset generic (HO)
Package: hobsub 2012/05/28 v1.13 Construct package bundles (HO)
Package hobsub Info: Skipping package `infwarerr' (already loaded).
Package hobsub Info: Skipping package `ltxcmds' (already loaded).
Package: ifluatex 2010/03/01 v1.3 Provides the ifluatex switch (HO)
Package ifluatex Info: LuaTeX not detected.
Package: ifvtex 2010/03/01 v1.5 Detect VTeX and its facilities (HO)
Package ifvtex Info: VTeX not detected.
Package: intcalc 2007/09/27 v1.1 Expandable calculations with integers (HO)
Package hobsub Info: Skipping package `ifpdf' (already loaded).
Package: etexcmds 2011/02/16 v1.5 Avoid name clashes with e-TeX commands (HO)
Package etexcmds Info: Could not find \expanded.
(etexcmds)             That can mean that you are not using pdfTeX 1.50 or
(etexcmds)             that some package has redefined \expanded.
(etexcmds)             In the latter case, load this package earlier.
Package: kvsetkeys 2012/04/25 v1.16 Key value parser (HO)
Package: kvdefinekeys 2011/04/07 v1.3 Define keys (HO)
Package: pdftexcmds 2011/11/29 v0.20 Utility functions of pdfTeX for LuaTeX (HO
)
Package pdftexcmds Info: LuaTeX not detected.
Package pdftexcmds Info: \pdf@primitive is available.
Package pdftexcmds Info: \pdf@ifprimitive is available.
Package pdftexcmds Info: \pdfdraftmode found.
Package: pdfescape 2011/11/25 v1.13 Implements pdfTeX's escape features (HO)
Package: bigintcalc 2012/04/08 v1.3 Expandable calculations on big integers (HO
)
Package: bitset 2011/01/30 v1.1 Handle bit-vector datatype (HO)
Package: uniquecounter 2011/01/30 v1.2 Provide unlimited unique counter (HO)
)
Package hobsub Info: Skipping package `hobsub' (already loaded).
Package: letltxmacro 2010/09/02 v1.4 Let assignment for LaTeX macros (HO)
Package: hopatch 2012/05/28 v1.2 Wrapper for package hooks (HO)
Package: xcolor-patch 2011/01/30 xcolor patch
Package: atveryend 2011/06/30 v1.8 Hooks at the very end of document (HO)
Package atveryend Info: \enddocument detected (standard20110627).
Package: atbegshi 2011/10/05 v1.16 At begin shipout hook (HO)
Package: refcount 2011/10/16 v3.4 Data extraction from label references (HO)
Package: hycolor 2011/01/30 v1.7 Color options for hyperref/bookmark (HO)
)
(/usr/share/texlive/texmf-dist/tex/generic/ifxetex/ifxetex.sty
Package: ifxetex 2010/09/12 v0.6 Provides ifxetex conditional
)
(/usr/share/texlive/texmf-dist/tex/latex/oberdiek/auxhook.sty
Package: auxhook 2011/03/04 v1.3 Hooks for auxiliary files (HO)
)
(/usr/share/texlive/texmf-dist/tex/latex/oberdiek/kvoptions.sty
Package: kvoptions 2011/06/30 v3.11 Key value format for package options (HO)
)
\@linkdim=\dimen159
\Hy@linkcounter=\count142
\Hy@pagecounter=\count143

(/usr/share/texlive/texmf-dist/tex/latex/hyperref/pd1enc.def
File: pd1enc.def 2012/11/06 v6.83m Hyperref: PDFDocEncoding definition (HO)
)
\Hy@SavedSpaceFactor=\count144

(/usr/share/texlive/texmf-dist/tex/latex/latexconfig/hyperref.cfg
File: hyperref.cfg 2002/06/06 v1.2 hyperref configuration of TeXLive
)
Package hyperref Info: Hyper figures OFF on input line 4443.
Package hyperref Info: Link nesting OFF on input line 4448.
Package hyperref Info: Hyper index ON on input line 4451.
Package hyperref Info: Plain pages OFF on input line 4458.
Package hyperref Info: Backreferencing OFF on input line 4463.
Package hyperref Info: Implicit mode ON; LaTeX internals redefined.
Package hyperref Info: Bookmarks ON on input line 4688.
\c@Hy@tempcnt=\count145

(/usr/share/texlive/texmf-dist/tex/latex/url/url.sty
\Urlmuskip=\muskip11
Package: url 2013/09/16  ver 3.4  Verb mode for urls, etc.
)
LaTeX Info: Redefining \url on input line 5041.
\XeTeXLinkMargin=\dimen160
\Fld@menulength=\count146
\Field@Width=\dimen161
\Fld@charsize=\dimen162
Package hyperref Info: Hyper figures OFF on input line 6295.
Package hyperref Info: Link nesting OFF on input line 6300.
Package hyperref Info: Hyper index ON on input line 6303.
Package hyperref Info: backreferencing OFF on input line 6310.
Package hyperref Info: Link coloring OFF on input line 6315.
Package hyperref Info: Link coloring with OCG OFF on input line 6320.
Package hyperref Info: PDF/A mode OFF on input line 6325.
LaTeX Info: Redefining \ref on input line 6365.
LaTeX Info: Redefining \pageref on input line 6369.
\Hy@abspage=\count147
\c@Item=\count148
\c@Hfootnote=\count149
)

Package hyperref Message: Driver (autodetected): hpdftex.

(/usr/share/texlive/texmf-dist/tex/latex/hyperref/hpdftex.def
File: hpdftex.def 2012/11/06 v6.83m Hyperref driver for pdfTeX
\Fld@listcount=\count150
\c@bookmark@seq@number=\count151

(/usr/share/texlive/texmf-dist/tex/latex/oberdiek/rerunfilecheck.sty
Package: rerunfilecheck 2011/04/15 v1.7 Rerun checks for auxiliary files (HO)
Package uniquecounter Info: New unique counter `rerunfilecheck' on input line 2
82.
)
\Hy@SectionHShift=\skip75
)
(/usr/share/texlive/texmf-dist/tex/latex/mh/mathtools.sty
Package: mathtools 2013/02/12 v1.13 mathematical typesetting tools

(/usr/share/texlive/texmf-dist/tex/latex/tools/calc.sty
Package: calc 2007/08/22 v4.3 Infix arithmetic (KKT,FJ)
\calc@Acount=\count152
\calc@Bcount=\count153
\calc@Adimen=\dimen163
\calc@Bdimen=\dimen164
\calc@Askip=\skip76
\calc@Bskip=\skip77
LaTeX Info: Redefining \setlength on input line 76.
LaTeX Info: Redefining \addtolength on input line 77.
\calc@Ccount=\count154
\calc@Cskip=\skip78
)
(/usr/share/texlive/texmf-dist/tex/latex/mh/mhsetup.sty
Package: mhsetup 2010/01/21 v1.2a programming setup (MH)
)
LaTeX Info: Thecontrolsequence`\['isalreadyrobust on input line 129.
LaTeX Info: Thecontrolsequence`\]'isalreadyrobust on input line 129.
\g_MT_multlinerow_int=\count155
\l_MT_multwidth_dim=\dimen165
\origjot=\skip79
\l_MT_shortvdotswithinadjustabove_dim=\dimen166
\l_MT_shortvdotswithinadjustbelow_dim=\dimen167
\l_MT_above_intertext_sep=\dimen168
\l_MT_below_intertext_sep=\dimen169
\l_MT_above_shortintertext_sep=\dimen170
\l_MT_below_shortintertext_sep=\dimen171
)
\@float@every@table=\toks38

(/usr/share/texlive/texmf-dist/tex/latex/geometry/geometry.sty
Package: geometry 2010/09/12 v5.6 Page Geometry
\Gm@cnth=\count156
\Gm@cntv=\count157
\c@Gm@tempcnt=\count158
\Gm@bindingoffset=\dimen172
\Gm@wd@mp=\dimen173
\Gm@odd@mp=\dimen174
\Gm@even@mp=\dimen175
\Gm@layoutwidth=\dimen176
\Gm@layoutheight=\dimen177
\Gm@layouthoffset=\dimen178
\Gm@layoutvoffset=\dimen179
\Gm@dimlist=\toks39
)
(./nim_tof12.aux (./ralf/ralf_12gev_upgrade.aux)
(./evan/evan_ftof_requirements.aux) (./gleb/gleb_source_method.aux)
(./gleb/gleb_thin_scintillator.aux) (./gary/gary_three_bar.aux)
(./gary/gary_six_bar_method.aux) (./gary/gary_six_bar_refinement.aux)
(./evan/evan_electronics.aux) (./evan/evan_tdc_testing.aux)
(./evan/evan_qdc_testing.aux) (./evan/evan_discriminator_testing.aux)
(./gleb/gleb_time_walk.aux) (./arjun/arjun_pmt_resolution.aux)
(./arjun/arjun_threshold.aux) (./arjun/arjun_magnetic_shielding.aux)
(./arjun/arjun_design.aux) (./arjun/arjun_external_shielding.aux)
(./arjun/arjun_shielding_implementation.aux) (./arjun/arjun_field_tolerance.aux
) (./arjun/arjun_results.aux) (./ye/ye_geometry.aux) (./ye/ye_scintillator.aux)
(./ye/ye_wrap.aux) (./ye/ye_cables.aux) (./ye/ye_construction.aux)
(./nick/nick_pmt_test.aux) (./gleb/gleb_quality_control.aux)
(./gleb/gleb_time_resol.aux) (./gleb/gleb_att_length.aux)
(./gleb/gleb_summary.aux))
\openout1 = `nim_tof12.aux'.

LaTeX Font Info:    Checking defaults for OML/cmm/m/it on input line 38.
LaTeX Font Info:    ... okay on input line 38.
LaTeX Font Info:    Checking defaults for T1/cmr/m/n on input line 38.
LaTeX Font Info:    ... okay on input line 38.
LaTeX Font Info:    Checking defaults for OT1/cmr/m/n on input line 38.
LaTeX Font Info:    ... okay on input line 38.
LaTeX Font Info:    Checking defaults for OMS/cmsy/m/n on input line 38.
LaTeX Font Info:    ... okay on input line 38.
LaTeX Font Info:    Checking defaults for OMX/cmex/m/n on input line 38.
LaTeX Font Info:    ... okay on input line 38.
LaTeX Font Info:    Checking defaults for U/cmr/m/n on input line 38.
LaTeX Font Info:    ... okay on input line 38.
LaTeX Font Info:    Checking defaults for PD1/pdf/m/n on input line 38.
LaTeX Font Info:    ... okay on input line 38.

(/usr/share/texlive/texmf-dist/tex/context/base/supp-pdf.mkii
[Loading MPS to PDF converter (version 2006.09.02).]
\scratchcounter=\count159
\scratchdimen=\dimen180
\scratchbox=\box37
\nofMPsegments=\count160
\nofMParguments=\count161
\everyMPshowfont=\toks40
\MPscratchCnt=\count162
\MPscratchDim=\dimen181
\MPnumerator=\count163
\makeMPintoPDFobject=\count164
\everyMPtoPDFconversion=\toks41
) (/usr/share/texlive/texmf-dist/tex/latex/oberdiek/epstopdf-base.sty
Package: epstopdf-base 2010/02/09 v2.5 Base part for package epstopdf

(/usr/share/texlive/texmf-dist/tex/latex/oberdiek/grfext.sty
Package: grfext 2010/08/19 v1.1 Manage graphics extensions (HO)
)
Package grfext Info: Graphics extension search list:
(grfext)             [.png,.pdf,.jpg,.mps,.jpeg,.jbig2,.jb2,.PNG,.PDF,.JPG,.JPE
G,.JBIG2,.JB2,.eps]
(grfext)             \AppendGraphicsExtensions on input line 452.

(/usr/share/texlive/texmf-dist/tex/latex/latexconfig/epstopdf-sys.cfg
File: epstopdf-sys.cfg 2010/07/13 v1.3 Configuration of (r)epstopdf for TeX Liv
e
))
Package caption Info: Begin \AtBeginDocument code.
Package caption Info: float package is loaded.
Package caption Info: hyperref package is loaded.
Package caption Info: subfigure package is loaded.
Package caption Info: End \AtBeginDocument code.

ABD: EverySelectfont initializing macros
LaTeX Info: Redefining \selectfont on input line 38.
\AtBeginShipoutBox=\box38
Package hyperref Info: Link coloring OFF on input line 38.

(/usr/share/texlive/texmf-dist/tex/latex/hyperref/nameref.sty
Package: nameref 2012/10/27 v2.43 Cross-referencing by name of section

(/usr/share/texlive/texmf-dist/tex/generic/oberdiek/gettitlestring.sty
Package: gettitlestring 2010/12/03 v1.4 Cleanup title references (HO)
)
\c@section@level=\count165
)
LaTeX Info: Redefining \ref on input line 38.
LaTeX Info: Redefining \pageref on input line 38.
LaTeX Info: Redefining \nameref on input line 38.

(./nim_tof12.out) (./nim_tof12.out)
\@outlinefile=\write5
\openout5 = `nim_tof12.out'.


*geometry* driver: auto-detecting
*geometry* detected driver: pdftex
*geometry* verbose mode - [ preamble ] result:
* driver: pdftex
* paper: <default>
* layout: <same size as paper>
* layoutoffset:(h,v)=(0.0pt,0.0pt)
* modes: 
* h-part:(L,W,R)=(56.9055pt, 500.484pt, 56.9055pt)
* v-part:(T,H,B)=(56.9055pt, 681.15898pt, 56.9055pt)
* \paperwidth=614.295pt
* \paperheight=794.96999pt
* \textwidth=500.484pt
* \textheight=681.15898pt
* \oddsidemargin=-15.36449pt
* \evensidemargin=-15.36449pt
* \topmargin=-15.36449pt
* \headheight=0.0pt
* \headsep=0.0pt
* \topskip=12.0pt
* \footskip=30.0pt
* \marginparwidth=44.0pt
* \marginparsep=10.0pt
* \columnsep=10.0pt
* \skip\footins=24.0pt
* \hoffset=0.0pt
* \voffset=0.0pt
* \mag=1000
* \@twocolumnfalse
* \@twosidefalse
* \@mparswitchfalse
* \@reversemarginfalse
* (1in=72.27pt=25.4mm, 1cm=28.453pt)

LaTeX Font Info:    Try loading font information for U+msa on input line 76.
(/usr/share/texlive/texmf-dist/tex/latex/amsfonts/umsa.fd
File: umsa.fd 2013/01/14 v3.01 AMS symbols A
)
LaTeX Font Info:    Try loading font information for U+msb on input line 76.

(/usr/share/texlive/texmf-dist/tex/latex/amsfonts/umsb.fd
File: umsb.fd 2013/01/14 v3.01 AMS symbols B
) [1
Non-PDF special ignored!
Non-PDF special ignored!
Non-PDF special ignored!
Non-PDF special ignored!
Non-PDF special ignored!
Non-PDF special ignored!


Non-PDF special ignored!
Non-PDF special ignored!
Non-PDF special ignored!
Non-PDF special ignored!

{/var/lib/texmf/fonts/map/pdftex/updmap/pdftex.map}]
\openout2 = `ralf/ralf_12gev_upgrade.aux'.


(./ralf/ralf_12gev_upgrade.tex
Underfull \hbox (badness 10000) in paragraph at lines 8--13

 []

<ralf/fig_ralf_12gev_upgrade/tof_installed1.pdf, id=149, 963.6pt x 722.7pt>
File: ralf/fig_ralf_12gev_upgrade/tof_installed1.pdf Graphic file (type pdf)

<use ralf/fig_ralf_12gev_upgrade/tof_installed1.pdf>
Package pdftex.def Info: ralf/fig_ralf_12gev_upgrade/tof_installed1.pdf used on
 input line 21.
(pdftex.def)             Requested size: 200.19054pt x 150.1394pt.

<ralf/fig_ralf_12gev_upgrade/tof_installed2.pdf, id=150, 963.6pt x 722.7pt>
File: ralf/fig_ralf_12gev_upgrade/tof_installed2.pdf Graphic file (type pdf)

<use ralf/fig_ralf_12gev_upgrade/tof_installed2.pdf>
Package pdftex.def Info: ralf/fig_ralf_12gev_upgrade/tof_installed2.pdf used on
 input line 21.
(pdftex.def)             Requested size: 200.19054pt x 150.1394pt.
) [2

 <./ralf/fig_ralf_12gev_upgrade/tof_installed1.pdf> <./ralf/fig_ralf_12gev_upgr
ade/tof_installed2.pdf>]
\openout2 = `evan/evan_ftof_requirements.aux'.

 (./evan/evan_ftof_requirements.tex
<evan/fig_evan_ftof_requirements/DeltaT.pdf, id=171, 569.12625pt x 295.1025pt>
File: evan/fig_evan_ftof_requirements/DeltaT.pdf Graphic file (type pdf)

<use evan/fig_evan_ftof_requirements/DeltaT.pdf>
Package pdftex.def Info: evan/fig_evan_ftof_requirements/DeltaT.pdf used on inp
ut line 16.
(pdftex.def)             Requested size: 170.71313pt x 170.71828pt.

<evan/fig_evan_ftof_requirements/p_max.pdf, id=172, 569.12625pt x 385.44pt>
File: evan/fig_evan_ftof_requirements/p_max.pdf Graphic file (type pdf)

<use evan/fig_evan_ftof_requirements/p_max.pdf>
Package pdftex.def Info: evan/fig_evan_ftof_requirements/p_max.pdf used on inpu
t line 23.
(pdftex.def)             Requested size: 200.19054pt x 135.58237pt.

<evan/fig_evan_ftof_requirements/res.pdf, id=173, 569.12625pt x 385.44pt>
File: evan/fig_evan_ftof_requirements/res.pdf Graphic file (type pdf)

<use evan/fig_evan_ftof_requirements/res.pdf>
Package pdftex.def Info: evan/fig_evan_ftof_requirements/res.pdf used on input 
line 23.
(pdftex.def)             Requested size: 200.19054pt x 135.58237pt.


LaTeX Warning: `!h' float specifier changed to `!ht'.

[3


 <./evan/fig_evan_ftof_requirements/DeltaT.pdf, page is rotated 90 degrees>]) [
4 <./evan/fig_evan_ftof_requirements/p_max.pdf, page is rotated 90 degrees> <./
evan/fig_evan_ftof_requirements/res.pdf, page is rotated 90 degrees>]
\openout2 = `gleb/gleb_source_method.aux'.


(./gleb/gleb_source_method.tex

Package hyperref Warning: Difference (2) between bookmark levels is greater 
(hyperref)                than one, level fixed on input line 1.

) [5


]
\openout2 = `gleb/gleb_thin_scintillator.aux'.

 (./gleb/gleb_thin_scintillator.tex

LaTeX Warning: No positions in optional float specifier.
               Default added (so using `tbp') on input line 7.


<gleb/fig_gleb_thin_scintillator/thin_method1.pdf, id=332, 697.60625pt x 166.62
25pt>
File: gleb/fig_gleb_thin_scintillator/thin_method1.pdf Graphic file (type pdf)
 <use gleb/fig_gleb_thin_scintillator/thin_method1.pdf>
Package pdftex.def Info: gleb/fig_gleb_thin_scintillator/thin_method1.pdf used 
on input line 9.
(pdftex.def)             Requested size: 450.43253pt x 107.58636pt.


LaTeX Warning: No positions in optional float specifier.
               Default added (so using `tbp') on input line 21.


<gleb/fig_gleb_thin_scintillator/thin_method2.pdf, id=336, 689.57625pt x 157.58
875pt>
File: gleb/fig_gleb_thin_scintillator/thin_method2.pdf Graphic file (type pdf)
 <use gleb/fig_gleb_thin_scintillator/thin_method2.pdf>
Package pdftex.def Info: gleb/fig_gleb_thin_scintillator/thin_method2.pdf used 
on input line 23.
(pdftex.def)             Requested size: 450.43253pt x 102.93883pt.
 [6


 <./gleb/fig_gleb_thin_scintillator/thin_method1.pdf> <./gleb/fig_gleb_thin_sci
ntillator/thin_method2.pdf>]) [7]
\openout2 = `gary/gary_three_bar.aux'.

 (./gary/gary_three_bar.tex
<gary/fig_gary_three_bar/Fig14-M.pdf, id=361, 717.68124pt x 143.53625pt>
File: gary/fig_gary_three_bar/Fig14-M.pdf Graphic file (type pdf)

<use gary/fig_gary_three_bar/Fig14-M.pdf>
Package pdftex.def Info: gary/fig_gary_three_bar/Fig14-M.pdf used on input line
 22.
(pdftex.def)             Requested size: 426.79134pt x 85.36021pt.
 [8


 <./gary/fig_gary_three_bar/Fig14-M.pdf>] [9]) [10]
\openout2 = `gary/gary_six_bar_method.aux'.

 (./gary/gary_six_bar_method.tex
<gary/fig_gary_six_bar_method/6bar.png, id=386, 670.30424pt x 445.36388pt>
File: gary/fig_gary_six_bar_method/6bar.png Graphic file (type png)

<use gary/fig_gary_six_bar_method/6bar.png>
Package pdftex.def Info: gary/fig_gary_six_bar_method/6bar.png used on input li
ne 21.
(pdftex.def)             Requested size: 426.79134pt x 283.57762pt.
 [11


 <./gary/fig_gary_six_bar_method/6bar.png (PNG copy)>]) [12]
\openout2 = `gary/gary_six_bar_refinement.aux'.

 (./gary/gary_six_bar_refinement.tex
Underfull \hbox (badness 10000) in paragraph at lines 2--11

 []


Underfull \hbox (badness 10000) in paragraph at lines 12--21

 []


<gary/fig_gary_six_bar_refinement/complementary.png, id=396, 923.24925pt x 400.
19513pt>
File: gary/fig_gary_six_bar_refinement/complementary.png Graphic file (type png
)
 <use gary/fig_gary_six_bar_refinement/complementary.png>
Package pdftex.def Info: gary/fig_gary_six_bar_refinement/complementary.png use
d on input line 31.
(pdftex.def)             Requested size: 426.79134pt x 185.00186pt.
 [13


 <./gary/fig_gary_six_bar_refinement/complementary.png (PNG copy)>] [14]) [15]
\openout2 = `evan/evan_electronics.aux'.


(./evan/evan_electronics.tex) [16


]
\openout2 = `evan/evan_tdc_testing.aux'.

 (./evan/evan_tdc_testing.tex
Underfull \hbox (badness 10000) in paragraph at lines 3--9

 []


LaTeX Warning: No positions in optional float specifier.
               Default added (so using `tbp') on input line 16.

Package epstopdf Info: Source file: <evan/fig_evan_tdc_testing/placeholder.eps>

(epstopdf)                    date: 2014-10-24 16:34:25
(epstopdf)                    size: 3284 bytes
(epstopdf)             Output file: <evan/fig_evan_tdc_testing/placeholder-eps-
converted-to.pdf>
(epstopdf)                    date: 2014-10-24 16:34:25
(epstopdf)                    size: 4461 bytes
(epstopdf)             Command: <repstopdf --outfile=evan/fig_evan_tdc_testing/
placeholder-eps-converted-to.pdf evan/fig_evan_tdc_testing/placeholder.eps>
(epstopdf)             \includegraphics on input line 18.
Package epstopdf Info: Output file is already uptodate.

<evan/fig_evan_tdc_testing/placeholder-eps-converted-to.pdf, id=415, 400.49625p
t x 400.49625pt>
File: evan/fig_evan_tdc_testing/placeholder-eps-converted-to.pdf Graphic file (
type pdf)

<use evan/fig_evan_tdc_testing/placeholder-eps-converted-to.pdf>
Package pdftex.def Info: evan/fig_evan_tdc_testing/placeholder-eps-converted-to
.pdf used on input line 18.
(pdftex.def)             Requested size: 400.38872pt x 400.40971pt.


LaTeX Warning: No positions in optional float specifier.
               Default added (so using `tbp') on input line 24.

Package epstopdf Info: Source file: <evan/fig_evan_tdc_testing/placeholder.eps>

(epstopdf)                    date: 2014-10-24 16:34:25
(epstopdf)                    size: 3284 bytes
(epstopdf)             Output file: <evan/fig_evan_tdc_testing/placeholder-eps-
converted-to.pdf>
(epstopdf)                    date: 2014-10-24 16:34:25
(epstopdf)                    size: 4461 bytes
(epstopdf)             Command: <repstopdf --outfile=evan/fig_evan_tdc_testing/
placeholder-eps-converted-to.pdf evan/fig_evan_tdc_testing/placeholder.eps>
(epstopdf)             \includegraphics on input line 26.
Package epstopdf Info: Output file is already uptodate.
File: evan/fig_evan_tdc_testing/placeholder-eps-converted-to.pdf Graphic file (
type pdf)
<use evan/fig_evan_tdc_testing/placeholder-eps-converted-to.pdf>
Package pdftex.def Info: evan/fig_evan_tdc_testing/placeholder-eps-converted-to
.pdf used on input line 26.
(pdftex.def)             Requested size: 400.38872pt x 400.40971pt.


LaTeX Warning: No positions in optional float specifier.
               Default added (so using `tbp') on input line 30.

Package epstopdf Info: Source file: <evan/fig_evan_tdc_testing/placeholder.eps>

(epstopdf)                    date: 2014-10-24 16:34:25
(epstopdf)                    size: 3284 bytes
(epstopdf)             Output file: <evan/fig_evan_tdc_testing/placeholder-eps-
converted-to.pdf>
(epstopdf)                    date: 2014-10-24 16:34:25
(epstopdf)                    size: 4461 bytes
(epstopdf)             Command: <repstopdf --outfile=evan/fig_evan_tdc_testing/
placeholder-eps-converted-to.pdf evan/fig_evan_tdc_testing/placeholder.eps>
(epstopdf)             \includegraphics on input line 32.
Package epstopdf Info: Output file is already uptodate.
File: evan/fig_evan_tdc_testing/placeholder-eps-converted-to.pdf Graphic file (
type pdf)
<use evan/fig_evan_tdc_testing/placeholder-eps-converted-to.pdf>
Package pdftex.def Info: evan/fig_evan_tdc_testing/placeholder-eps-converted-to
.pdf used on input line 32.
(pdftex.def)             Requested size: 400.40971pt x 180.67386pt.
Package epstopdf Info: Source file: <evan/fig_evan_tdc_testing/placeholder.eps>

(epstopdf)                    date: 2014-10-24 16:34:25
(epstopdf)                    size: 3284 bytes
(epstopdf)             Output file: <evan/fig_evan_tdc_testing/placeholder-eps-
converted-to.pdf>
(epstopdf)                    date: 2014-10-24 16:34:25
(epstopdf)                    size: 4461 bytes
(epstopdf)             Command: <repstopdf --outfile=evan/fig_evan_tdc_testing/
placeholder-eps-converted-to.pdf evan/fig_evan_tdc_testing/placeholder.eps>
(epstopdf)             \includegraphics on input line 33.
Package epstopdf Info: Output file is already uptodate.
File: evan/fig_evan_tdc_testing/placeholder-eps-converted-to.pdf Graphic file (
type pdf)

<use evan/fig_evan_tdc_testing/placeholder-eps-converted-to.pdf>
Package pdftex.def Info: evan/fig_evan_tdc_testing/placeholder-eps-converted-to
.pdf used on input line 33.
(pdftex.def)             Requested size: 400.40971pt x 180.67386pt.


LaTeX Warning: No positions in optional float specifier.
               Default added (so using `tbp') on input line 39.

) [17


] [18 <./evan/fig_evan_tdc_testing/placeholder-eps-converted-to.pdf>]
[19] [20]
\openout2 = `evan/evan_qdc_testing.aux'.

 (./evan/evan_qdc_testing.tex
Underfull \hbox (badness 10000) in paragraph at lines 3--8

 []


<evan/fig_evan_qdc_testing/placeholder.pdf, id=455, 400.49625pt x 400.49625pt>
File: evan/fig_evan_qdc_testing/placeholder.pdf Graphic file (type pdf)

<use evan/fig_evan_qdc_testing/placeholder.pdf>
Package pdftex.def Info: evan/fig_evan_qdc_testing/placeholder.pdf used on inpu
t line 13.
(pdftex.def)             Requested size: 180.67499pt x 180.67386pt.
File: evan/fig_evan_qdc_testing/placeholder.pdf Graphic file (type pdf)

<use evan/fig_evan_qdc_testing/placeholder.pdf>
Package pdftex.def Info: evan/fig_evan_qdc_testing/placeholder.pdf used on inpu
t line 19.
(pdftex.def)             Requested size: 252.94499pt x 252.94952pt.
File: evan/fig_evan_qdc_testing/placeholder.pdf Graphic file (type pdf)

<use evan/fig_evan_qdc_testing/placeholder.pdf>
Package pdftex.def Info: evan/fig_evan_qdc_testing/placeholder.pdf used on inpu
t line 32.
(pdftex.def)             Requested size: 224.03804pt x 202.35594pt.
File: evan/fig_evan_qdc_testing/placeholder.pdf Graphic file (type pdf)

<use evan/fig_evan_qdc_testing/placeholder.pdf>
Package pdftex.def Info: evan/fig_evan_qdc_testing/placeholder.pdf used on inpu
t line 32.
(pdftex.def)             Requested size: 224.03804pt x 202.35594pt.
 [21


 <./evan/fig_evan_qdc_testing/placeholder.pdf>]) [22] [23]
\openout2 = `evan/evan_discriminator_testing.aux'.

 (./evan/evan_discriminator_testing.tex
Underfull \hbox (badness 10000) in paragraph at lines 3--8

 []

) [24


]
\openout2 = `gleb/gleb_time_walk.aux'.

 (./gleb/gleb_time_walk.tex

LaTeX Warning: Reference `sec:six-bars' on page 25 undefined on input line 21.


LaTeX Warning: No positions in optional float specifier.
               Default added (so using `tbp') on input line 26.

<gleb/fig_gleb_time_walk/offset.pdf, id=493, 569.12625pt x 385.44pt>
File: gleb/fig_gleb_time_walk/offset.pdf Graphic file (type pdf)

<use gleb/fig_gleb_time_walk/offset.pdf>
Package pdftex.def Info: gleb/fig_gleb_time_walk/offset.pdf used on input line 
28.
(pdftex.def)             Requested size: 216.81pt x 146.83336pt.

<gleb/fig_gleb_time_walk/offset_shifted.pdf, id=494, 569.12625pt x 385.44pt>
File: gleb/fig_gleb_time_walk/offset_shifted.pdf Graphic file (type pdf)

<use gleb/fig_gleb_time_walk/offset_shifted.pdf>
Package pdftex.def Info: gleb/fig_gleb_time_walk/offset_shifted.pdf used on inp
ut line 29.
(pdftex.def)             Requested size: 216.81pt x 146.83336pt.
 [25


]

LaTeX Warning: No positions in optional float specifier.
               Default added (so using `tbp') on input line 39.

<gleb/fig_gleb_time_walk/vert_cut.pdf, id=509, 569.12625pt x 467.7475pt>
File: gleb/fig_gleb_time_walk/vert_cut.pdf Graphic file (type pdf)

<use gleb/fig_gleb_time_walk/vert_cut.pdf>
Package pdftex.def Info: gleb/fig_gleb_time_walk/vert_cut.pdf used on input lin
e 41.
(pdftex.def)             Requested size: 216.81pt x 178.1884pt.


LaTeX Warning: No positions in optional float specifier.
               Default added (so using `tbp') on input line 46.

<gleb/fig_gleb_time_walk/vert_cut_fit.pdf, id=512, 569.12625pt x 467.7475pt>
File: gleb/fig_gleb_time_walk/vert_cut_fit.pdf Graphic file (type pdf)

<use gleb/fig_gleb_time_walk/vert_cut_fit.pdf>
Package pdftex.def Info: gleb/fig_gleb_time_walk/vert_cut_fit.pdf used on input
 line 48.
(pdftex.def)             Requested size: 216.81pt x 178.1884pt.
 [26 <./gleb/fig_gleb_time_walk/offset.pdf, page is rotated 90 degrees> <./gleb
/fig_gleb_time_walk/offset_shifted.pdf, page is rotated 90 degrees>] [27 <./gle
b/fig_gleb_time_walk/vert_cut.pdf, page is rotated 90 degrees> <./gleb/fig_gleb
_time_walk/vert_cut_fit.pdf, page is rotated 90 degrees>]

LaTeX Warning: No positions in optional float specifier.
               Default added (so using `tbp') on input line 71.

<gleb/fig_gleb_time_walk/tw_param.pdf, id=704, 569.12625pt x 739.76375pt>
File: gleb/fig_gleb_time_walk/tw_param.pdf Graphic file (type pdf)

<use gleb/fig_gleb_time_walk/tw_param.pdf>
Package pdftex.def Info: gleb/fig_gleb_time_walk/tw_param.pdf used on input lin
e 73.
(pdftex.def)             Requested size: 361.34999pt x 469.71089pt.


LaTeX Warning: No positions in optional float specifier.
               Default added (so using `tbp') on input line 81.

<gleb/fig_gleb_time_walk/tw_params_1d.pdf, id=708, 569.12625pt x 408.52625pt>
File: gleb/fig_gleb_time_walk/tw_params_1d.pdf Graphic file (type pdf)

<use gleb/fig_gleb_time_walk/tw_params_1d.pdf>
Package pdftex.def Info: gleb/fig_gleb_time_walk/tw_params_1d.pdf used on input
 line 83.
(pdftex.def)             Requested size: 361.34999pt x 259.39258pt.
) [28] [29 <./gleb/fig_gleb_time_walk/tw_param.pdf>] [30 <./gleb/fig_gleb_time_
walk/tw_params_1d.pdf, page is rotated 90 degrees>]
\openout2 = `arjun/arjun_pmt_resolution.aux'.

 (./arjun/arjun_pmt_resolution.tex
<arjun/fig_arjun_pmt_resolution/PMTcomparison.pdf, id=812, 698.61pt x 473.77pt>
File: arjun/fig_arjun_pmt_resolution/PMTcomparison.pdf Graphic file (type pdf)
<use arjun/fig_arjun_pmt_resolution/PMTcomparison.pdf>
Package pdftex.def Info: arjun/fig_arjun_pmt_resolution/PMTcomparison.pdf used 
on input line 16.
(pdftex.def)             Requested size: 284.52382pt x 142.26222pt.
) [31


 <./arjun/fig_arjun_pmt_resolution/PMTcomparison.pdf>]
\openout2 = `arjun/arjun_threshold.aux'.

 (./arjun/arjun_threshold.tex
<arjun/fig_arjun_threshold/ThresholdsTimeRes.pdf, id=827, 698.61pt x 473.77pt>
File: arjun/fig_arjun_threshold/ThresholdsTimeRes.pdf Graphic file (type pdf)

<use arjun/fig_arjun_threshold/ThresholdsTimeRes.pdf>
Package pdftex.def Info: arjun/fig_arjun_threshold/ThresholdsTimeRes.pdf used o
n input line 6.
(pdftex.def)             Requested size: 284.52382pt x 142.26222pt.
) [32


 <./arjun/fig_arjun_threshold/ThresholdsTimeRes.pdf>]
\openout2 = `arjun/arjun_magnetic_shielding.aux'.

 (./arjun/arjun_magnetic_shielding.tex
<arjun/fig_arjun_magnetic_shielding/placeholder.pdf, id=839, 400.49625pt x 400.
49625pt>
File: arjun/fig_arjun_magnetic_shielding/placeholder.pdf Graphic file (type pdf
)
 <use arjun/fig_arjun_magnetic_shielding/placeholder.pdf>
Package pdftex.def Info: arjun/fig_arjun_magnetic_shielding/placeholder.pdf use
d on input line 5.
(pdftex.def)             Requested size: 180.67499pt x 180.67386pt.
File: arjun/fig_arjun_magnetic_shielding/placeholder.pdf Graphic file (type pdf
)

<use arjun/fig_arjun_magnetic_shielding/placeholder.pdf>
Package pdftex.def Info: arjun/fig_arjun_magnetic_shielding/placeholder.pdf use
d on input line 15.
(pdftex.def)             Requested size: 180.67499pt x 180.67386pt.


Package natbib Warning: Citation `Steinman' on page 33 undefined on input line 
20.


Package natbib Warning: Citation `Steinman' on page 33 undefined on input line 
22.

[33


 <./arjun/fig_arjun_magnetic_shielding/placeholder.pdf>]

Package natbib Warning: Citation `Steinman' on page 34 undefined on input line 
24.


Package natbib Warning: Citation `CLAS12FTOFstudies' on page 34 undefined on in
put line 24.

) [34]
\openout2 = `arjun/arjun_design.aux'.

 (./arjun/arjun_design.tex) [35


]
\openout2 = `arjun/arjun_external_shielding.aux'.

 (./arjun/arjun_external_shielding.tex)
[36


]
\openout2 = `arjun/arjun_shielding_implementation.aux'.

 (./arjun/arjun_shielding_implementation.tex) [37


]
\openout2 = `arjun/arjun_field_tolerance.aux'.


(./arjun/arjun_field_tolerance.tex

Package natbib Warning: Citation `CLAS12FTOFstudies' on page 38 undefined on in
put line 1.

) [38


]
\openout2 = `arjun/arjun_results.aux'.

 (./arjun/arjun_results.tex) [39


]
\openout2 = `ye/ye_geometry.aux'.

 (./ye/ye_geometry.tex

Package natbib Warning: Citation `smith1999time' on page 40 undefined on input 
line 10.

<ye/fig_ye_geometry/DR.pdf, id=882, 569.12625pt x 430.60875pt>
File: ye/fig_ye_geometry/DR.pdf Graphic file (type pdf)

<use ye/fig_ye_geometry/DR.pdf>
Package pdftex.def Info: ye/fig_ye_geometry/DR.pdf used on input line 12.
(pdftex.def)             Requested size: 369.90163pt x 284.53117pt.


Package natbib Warning: Citation `smith1999time' on page 40 undefined on input 
line 13.


Package natbib Warning: Citation `smith1999time' on page 40 undefined on input 
line 13.

[40


] <ye/fig_ye_geometry/TR_LG.pdf, id=890, 569.12625pt x 551.05875pt>
File: ye/fig_ye_geometry/TR_LG.pdf Graphic file (type pdf)

<use ye/fig_ye_geometry/TR_LG.pdf>
Package pdftex.def Info: ye/fig_ye_geometry/TR_LG.pdf used on input line 22.
(pdftex.def)             Requested size: 426.8089pt x 341.44267pt.
) [41 <./ye/fig_ye_geometry/DR.pdf, page is rotated 90 degrees>] [42 <./ye/fig_
ye_geometry/TR_LG.pdf, page is rotated 90 degrees>]
\openout2 = `ye/ye_scintillator.aux'.

 (./ye/ye_scintillator.tex

Package natbib Warning: Citation `smith1999time' on page 43 undefined on input 
line 23.

<ye/fig_ye_scintillator/s0.pdf, id=992, 437.635pt x 304.13625pt>
File: ye/fig_ye_scintillator/s0.pdf Graphic file (type pdf)

<use ye/fig_ye_scintillator/s0.pdf>
Package pdftex.def Info: ye/fig_ye_scintillator/s0.pdf used on input line 26.
(pdftex.def)             Requested size: 369.888pt x 284.533pt.
 [43


]
<ye/fig_ye_scintillator/c2_L.pdf, id=1005, 569.12625pt x 387.4475pt>
File: ye/fig_ye_scintillator/c2_L.pdf Graphic file (type pdf)

<use ye/fig_ye_scintillator/c2_L.pdf>
Package pdftex.def Info: ye/fig_ye_scintillator/c2_L.pdf used on input line 49.

(pdftex.def)             Requested size: 180.67499pt x 122.99843pt.

<ye/fig_ye_scintillator/c2_R.pdf, id=1006, 569.12625pt x 387.4475pt>
File: ye/fig_ye_scintillator/c2_R.pdf Graphic file (type pdf)

<use ye/fig_ye_scintillator/c2_R.pdf>
Package pdftex.def Info: ye/fig_ye_scintillator/c2_R.pdf used on input line 53.

(pdftex.def)             Requested size: 180.67499pt x 122.99843pt.
 [44 <./ye/fig_ye_scintillator/s0.pdf>]
<ye/fig_ye_scintillator/ADC.pdf, id=1018, 569.12625pt x 365.365pt>
File: ye/fig_ye_scintillator/ADC.pdf Graphic file (type pdf)

<use ye/fig_ye_scintillator/ADC.pdf>
Package pdftex.def Info: ye/fig_ye_scintillator/ADC.pdf used on input line 63.
(pdftex.def)             Requested size: 369.90163pt x 284.54312pt.

<ye/fig_ye_scintillator/c1_TL.pdf, id=1019, 569.12625pt x 387.4475pt>
File: ye/fig_ye_scintillator/c1_TL.pdf Graphic file (type pdf)

<use ye/fig_ye_scintillator/c1_TL.pdf>
Package pdftex.def Info: ye/fig_ye_scintillator/c1_TL.pdf used on input line 75
.
(pdftex.def)             Requested size: 216.81pt x 147.59811pt.

<ye/fig_ye_scintillator/c1_TR.pdf, id=1020, 569.12625pt x 387.4475pt>
File: ye/fig_ye_scintillator/c1_TR.pdf Graphic file (type pdf)

<use ye/fig_ye_scintillator/c1_TR.pdf>
Package pdftex.def Info: ye/fig_ye_scintillator/c1_TR.pdf used on input line 79
.
(pdftex.def)             Requested size: 216.81pt x 147.59811pt.


LaTeX Warning: `!h' float specifier changed to `!ht'.

[45 <./ye/fig_ye_scintillator/c2_L.pdf, page is rotated 90 degrees> <./ye/fig_y
e_scintillator/c2_R.pdf, page is rotated 90 degrees>] [46 <./ye/fig_ye_scintill
ator/ADC.pdf, page is rotated 90 degrees> <./ye/fig_ye_scintillator/c1_TL.pdf, 
page is rotated 90 degrees> <./ye/fig_ye_scintillator/c1_TR.pdf, page is rotate
d 90 degrees>]
Overfull \hbox (39.40845pt too wide) in paragraph at lines 93--119
 [][] 
 []


Overfull \hbox (33.53351pt too wide) in paragraph at lines 125--151
 [][] 
 []

[47

] <ye/fig_ye_scintillator/S2.pdf, id=1254, 432.61626pt x 316.18124pt>
File: ye/fig_ye_scintillator/S2.pdf Graphic file (type pdf)

<use ye/fig_ye_scintillator/S2.pdf>
Package pdftex.def Info: ye/fig_ye_scintillator/S2.pdf used on input line 160.
(pdftex.def)             Requested size: 369.90395pt x 284.546pt.


Package natbib Warning: Citation `clasclas12' on page 48 undefined on input lin
e 161.


Package natbib Warning: Citation `clasclas12' on page 48 undefined on input lin
e 161.

) [48

 <./ye/fig_ye_scintillator/S2.pdf>]
\openout2 = `ye/ye_wrap.aux'.

 (./ye/ye_wrap.tex
<ye/fig_ye_wrap/R1.pdf, id=1263, 448.67625pt x 321.2pt>
File: ye/fig_ye_wrap/R1.pdf Graphic file (type pdf)

<use ye/fig_ye_wrap/R1.pdf>
Package pdftex.def Info: ye/fig_ye_wrap/R1.pdf used on input line 10.
(pdftex.def)             Requested size: 369.89546pt x 284.534pt.


LaTeX Warning: `h' float specifier changed to `ht'.

) [49


] [50 <./ye/fig_ye_wrap/R1.pdf>]
\openout2 = `ye/ye_cables.aux'.

 (./ye/ye_cables.tex
Overfull \hbox (36.79324pt too wide) in paragraph at lines 18--44
 [] 
 []

) [51


] [52]
\openout2 = `ye/ye_construction.aux'.

 (./ye/ye_construction.tex [53


]
<ye/fig_ye_construction/tape-replace.pdf, id=1305, 1141.26375pt x 75.28125pt>
File: ye/fig_ye_construction/tape-replace.pdf Graphic file (type pdf)

<use ye/fig_ye_construction/tape-replace.pdf>
Package pdftex.def Info: ye/fig_ye_construction/tape-replace.pdf used on input 
line 19.
(pdftex.def)             Requested size: 426.78868pt x 28.45323pt.

<ye/fig_ye_construction/fig-tape4.pdf, id=1306, 369.38pt x 469.755pt>
File: ye/fig_ye_construction/fig-tape4.pdf Graphic file (type pdf)

<use ye/fig_ye_construction/fig-tape4.pdf>
Package pdftex.def Info: ye/fig_ye_construction/fig-tape4.pdf used on input lin
e 27.
(pdftex.def)             Requested size: 144.54pt x 183.81297pt.

<ye/fig_ye_construction/fig-tape3.pdf, id=1307, 365.365pt x 469.755pt>
File: ye/fig_ye_construction/fig-tape3.pdf Graphic file (type pdf)

<use ye/fig_ye_construction/fig-tape3.pdf>
Package pdftex.def Info: ye/fig_ye_construction/fig-tape3.pdf used on input lin
e 31.
(pdftex.def)             Requested size: 144.54pt x 185.83432pt.

<ye/fig_ye_construction/fig-tape2.pdf, id=1308, 365.365pt x 469.755pt>
File: ye/fig_ye_construction/fig-tape2.pdf Graphic file (type pdf)

<use ye/fig_ye_construction/fig-tape2.pdf>
Package pdftex.def Info: ye/fig_ye_construction/fig-tape2.pdf used on input lin
e 38.
(pdftex.def)             Requested size: 142.2632pt x 199.16656pt.


LaTeX Warning: `!h' float specifier changed to `!ht'.


<ye/fig_ye_construction/sector-31-wraping.pdf, id=1309, 6530.3975pt x 1764.5925
pt>
File: ye/fig_ye_construction/sector-31-wraping.pdf Graphic file (type pdf)
 <use ye/fig_ye_construction/sector-31-wraping.pdf>
Package pdftex.def Info: ye/fig_ye_construction/sector-31-wraping.pdf used on i
nput line 45.
(pdftex.def)             Requested size: 512.07933pt x 113.78706pt.


LaTeX Warning: `!h' float specifier changed to `!ht'.

[54 <./ye/fig_ye_construction/tape-replace.pdf> <./ye/fig_ye_construction/fig-t
ape4.pdf> <./ye/fig_ye_construction/fig-tape3.pdf>]
<ye/fig_ye_construction/sector.pdf, id=1336, 10647.78pt x 10928.83pt>
File: ye/fig_ye_construction/sector.pdf Graphic file (type pdf)

<use ye/fig_ye_construction/sector.pdf>
Package pdftex.def Info: ye/fig_ye_construction/sector.pdf used on input line 5
1.
(pdftex.def)             Requested size: 512.11122pt x 512.1209pt.


LaTeX Warning: `!h' float specifier changed to `!ht'.

) [55 <./ye/fig_ye_construction/fig-tape2.pdf> <./ye/fig_ye_construction/sector
-31-wraping.pdf>] [56 <./ye/fig_ye_construction/sector.pdf>]
\openout2 = `nick/nick_pmt_test.aux'.


(./nick/nick_pmt_test.tex
Underfull \hbox (badness 10000) in paragraph at lines 3--4

 []


Underfull \hbox (badness 10000) in paragraph at lines 5--11

 []


Underfull \hbox (badness 10000) in paragraph at lines 12--22

 []


Underfull \hbox (badness 10000) in paragraph at lines 23--44

 []

[57


]
<ye/fig_ye_pmt_test/dark_curr_measured.pdf, id=1368, 569.12625pt x 385.44pt>
File: ye/fig_ye_pmt_test/dark_curr_measured.pdf Graphic file (type pdf)

<use ye/fig_ye_pmt_test/dark_curr_measured.pdf>
Package pdftex.def Info: ye/fig_ye_pmt_test/dark_curr_measured.pdf used on inpu
t line 47.
(pdftex.def)             Requested size: 227.6204pt x 170.71158pt.

<ye/fig_ye_pmt_test/dark_curr_factory.pdf, id=1369, 569.12625pt x 385.44pt>
File: ye/fig_ye_pmt_test/dark_curr_factory.pdf Graphic file (type pdf)

<use ye/fig_ye_pmt_test/dark_curr_factory.pdf>
Package pdftex.def Info: ye/fig_ye_pmt_test/dark_curr_factory.pdf used on input
 line 53.
(pdftex.def)             Requested size: 227.6204pt x 170.71158pt.

<ye/fig_ye_pmt_test/dark_curr_ratio.pdf, id=1370, 569.12625pt x 385.44pt>
File: ye/fig_ye_pmt_test/dark_curr_ratio.pdf Graphic file (type pdf)

<use ye/fig_ye_pmt_test/dark_curr_ratio.pdf>
Package pdftex.def Info: ye/fig_ye_pmt_test/dark_curr_ratio.pdf used on input l
ine 59.
(pdftex.def)             Requested size: 227.6204pt x 170.71158pt.

Underfull \hbox (badness 10000) in paragraph at lines 64--70

 []

[58 <./ye/fig_ye_pmt_test/dark_curr_measured.pdf, page is rotated 90 degrees>]
Underfull \hbox (badness 10000) in paragraph at lines 71--82

 []

[59 <./ye/fig_ye_pmt_test/dark_curr_factory.pdf, page is rotated 90 degrees> <.
/ye/fig_ye_pmt_test/dark_curr_ratio.pdf, page is rotated 90 degrees>]
<ye/fig_ye_pmt_test/gain.pdf, id=1512, 569.12625pt x 385.44pt>
File: ye/fig_ye_pmt_test/gain.pdf Graphic file (type pdf)

<use ye/fig_ye_pmt_test/gain.pdf>
Package pdftex.def Info: ye/fig_ye_pmt_test/gain.pdf used on input line 89.
(pdftex.def)             Requested size: 227.6204pt x 170.71158pt.

<ye/fig_ye_pmt_test/alpha.pdf, id=1513, 569.12625pt x 385.44pt>
File: ye/fig_ye_pmt_test/alpha.pdf Graphic file (type pdf)

<use ye/fig_ye_pmt_test/alpha.pdf>
Package pdftex.def Info: ye/fig_ye_pmt_test/alpha.pdf used on input line 96.
(pdftex.def)             Requested size: 227.6204pt x 170.71158pt.

Underfull \hbox (badness 10000) in paragraph at lines 101--177

 []

[60 <./ye/fig_ye_pmt_test/gain.pdf, page is rotated 90 degrees>] [61 <./ye/fig_
ye_pmt_test/alpha.pdf, page is rotated 90 degrees>] [62]
Underfull \hbox (badness 10000) in paragraph at lines 211--212

 []


Underfull \hbox (badness 10000) in paragraph at lines 213--241

 []

[63]
Underfull \hbox (badness 10000) in paragraph at lines 242--243

 []


Underfull \hbox (badness 10000) in paragraph at lines 244--253

 []

[64]
Underfull \hbox (badness 10000) in paragraph at lines 254--264

 []

<ye/fig_ye_pmt_test/sector-31-35.pdf, id=1624, 7136.6625pt x 1027.84pt>
File: ye/fig_ye_pmt_test/sector-31-35.pdf Graphic file (type pdf)

<use ye/fig_ye_pmt_test/sector-31-35.pdf>
Package pdftex.def Info: ye/fig_ye_pmt_test/sector-31-35.pdf used on input line
 272.
(pdftex.def)             Requested size: 369.81273pt x 85.3499pt.

Underfull \hbox (badness 10000) in paragraph at lines 265--314

 []

[65 <./ye/fig_ye_pmt_test/sector-31-35.pdf>]) [66]
\openout2 = `gleb/gleb_quality_control.aux'.


(./gleb/gleb_quality_control.tex

LaTeX Warning: No positions in optional float specifier.
               Default added (so using `tbp') on input line 19.


<gleb/fig_gleb_quality_control/db_chart.pdf, id=1644, 465.70988pt x 614.295pt>
File: gleb/fig_gleb_quality_control/db_chart.pdf Graphic file (type pdf)

<use gleb/fig_gleb_quality_control/db_chart.pdf>
Package pdftex.def Info: gleb/fig_gleb_quality_control/db_chart.pdf used on inp
ut line 21.
(pdftex.def)             Requested size: 450.43253pt x 594.16884pt.

Overfull \hbox (127.09366pt too wide) in paragraph at lines 31--35
[]\OT1/cmr/m/it/12 Note: note: study of re-quired num-ber of po-si-tional mea-s
ure-ments at $\OML/cmm/m/it/12 https \OT1/cmr/m/n/12 : \OML/cmm/m/it/12 ==clasw
eb:jlab:org=wiki=index:php=TOF\OT1/cmr/m/n/12 12 :
 []

[67


] [68 <./gleb/fig_gleb_quality_control/db_chart.pdf>]

LaTeX Warning: Reference `sec:six-bars' on page 69 undefined on input line 41.


LaTeX Warning: Reference `sect:refin' on page 69 undefined on input line 41.


LaTeX Warning: Reference `sect:refin' on page 69 undefined on input line 43.

) [69]
\openout2 = `gleb/gleb_time_resol.aux'.

 (./gleb/gleb_time_resol.tex

LaTeX Warning: Reference `sect:three-bar' on page 70 undefined on input line 3.



LaTeX Warning: Reference `eq:resol_time' on page 70 undefined on input line 3.


LaTeX Warning: Reference `f:res' on page 70 undefined on input line 3.


LaTeX Warning: Reference `6bar_compl' on page 70 undefined on input line 12.


LaTeX Warning: Reference `eq:linear_6bar' on page 70 undefined on input line 13
.


LaTeX Warning: Reference `sec:six-bars' on page 70 undefined on input line 13.


LaTeX Warning: No positions in optional float specifier.
               Default added (so using `tbp') on input line 16.


<gleb/fig_gleb_time_resol/resolution_203.pdf, id=1683, 569.12625pt x 408.52625p
t>
File: gleb/fig_gleb_time_resol/resolution_203.pdf Graphic file (type pdf)
 <use gleb/fig_gleb_time_resol/resolution_203.pdf>
Package pdftex.def Info: gleb/fig_gleb_time_resol/resolution_203.pdf used on in
put line 18.
(pdftex.def)             Requested size: 300.29344pt x 215.56413pt.


LaTeX Warning: No positions in optional float specifier.
               Default added (so using `tbp') on input line 22.


<gleb/fig_gleb_time_resol/avrg_resol_203.pdf, id=1684, 569.12625pt x 385.44pt>
File: gleb/fig_gleb_time_resol/avrg_resol_203.pdf Graphic file (type pdf)

<use gleb/fig_gleb_time_resol/avrg_resol_203.pdf>
Package pdftex.def Info: gleb/fig_gleb_time_resol/avrg_resol_203.pdf used on in
put line 24.
(pdftex.def)             Requested size: 300.29344pt x 203.38239pt.
) [70


 <./gleb/fig_gleb_time_resol/resolution_203.pdf, page is rotated 90 degrees>] [
71 <./gleb/fig_gleb_time_resol/avrg_resol_203.pdf, page is rotated 90 degrees>]
\openout2 = `gleb/gleb_att_length.aux'.


(./gleb/gleb_att_length.tex

LaTeX Warning: Reference `sect:refin' on page 72 undefined on input line 12.


LaTeX Warning: No positions in optional float specifier.
               Default added (so using `tbp') on input line 17.

<gleb/fig_gleb_att_length/tdc_diff.pdf, id=1784, 569.12625pt x 467.7475pt>
File: gleb/fig_gleb_att_length/tdc_diff.pdf Graphic file (type pdf)

<use gleb/fig_gleb_att_length/tdc_diff.pdf>
Package pdftex.def Info: gleb/fig_gleb_att_length/tdc_diff.pdf used on input li
ne 19.
(pdftex.def)             Requested size: 300.29344pt x 246.81299pt.
 [72


 <./gleb/fig_gleb_att_length/tdc_diff.pdf, page is rotated 90 degrees>]

LaTeX Warning: No positions in optional float specifier.
               Default added (so using `tbp') on input line 40.

<gleb/fig_gleb_att_length/att_langau.pdf, id=1840, 569.12625pt x 690.58pt>
File: gleb/fig_gleb_att_length/att_langau.pdf Graphic file (type pdf)

<use gleb/fig_gleb_att_length/att_langau.pdf>
Package pdftex.def Info: gleb/fig_gleb_att_length/att_langau.pdf used on input 
line 42.
(pdftex.def)             Requested size: 200.19054pt x 242.91841pt.

<gleb/fig_gleb_att_length/maximum.pdf, id=1841, 569.12625pt x 690.58pt>
File: gleb/fig_gleb_att_length/maximum.pdf Graphic file (type pdf)

<use gleb/fig_gleb_att_length/maximum.pdf>
Package pdftex.def Info: gleb/fig_gleb_att_length/maximum.pdf used on input lin
e 43.
(pdftex.def)             Requested size: 200.19054pt x 242.91841pt.
 [73 <./gleb/fig_gleb_att_length/att_langau.pdf> <./gleb/fig_gleb_att_length/ma
ximum.pdf>]

LaTeX Warning: No positions in optional float specifier.
               Default added (so using `tbp') on input line 57.

<gleb/fig_gleb_att_length/att_length.pdf, id=1942, 569.12625pt x 385.44pt>
File: gleb/fig_gleb_att_length/att_length.pdf Graphic file (type pdf)

<use gleb/fig_gleb_att_length/att_length.pdf>
Package pdftex.def Info: gleb/fig_gleb_att_length/att_length.pdf used on input 
line 59.
(pdftex.def)             Requested size: 300.29344pt x 203.38239pt.
 [74 <./gleb/fig_gleb_att_length/att_length.pdf, page is rotated 90 degrees>]

LaTeX Warning: No positions in optional float specifier.
               Default added (so using `tbp') on input line 67.

<gleb/fig_gleb_att_length/att_vs_barnum.pdf, id=1997, 569.12625pt x 385.44pt>
File: gleb/fig_gleb_att_length/att_vs_barnum.pdf Graphic file (type pdf)

<use gleb/fig_gleb_att_length/att_vs_barnum.pdf>
Package pdftex.def Info: gleb/fig_gleb_att_length/att_vs_barnum.pdf used on inp
ut line 69.
(pdftex.def)             Requested size: 400.38872pt x 271.17651pt.


LaTeX Warning: No positions in optional float specifier.
               Default added (so using `tbp') on input line 78.

<gleb/fig_gleb_att_length/c_eff.pdf, id=1998, 569.12625pt x 385.44pt>
File: gleb/fig_gleb_att_length/c_eff.pdf Graphic file (type pdf)

<use gleb/fig_gleb_att_length/c_eff.pdf>
Package pdftex.def Info: gleb/fig_gleb_att_length/c_eff.pdf used on input line 
80.
(pdftex.def)             Requested size: 300.29344pt x 203.38239pt.
) [75 <./gleb/fig_gleb_att_length/att_vs_barnum.pdf, page is rotated 90 degrees
>] [76 <./gleb/fig_gleb_att_length/c_eff.pdf, page is rotated 90 degrees>]
\openout2 = `gleb/gleb_summary.aux'.

 (./gleb/gleb_summary.tex) [77


]
(./nim_tof12.bbl)

Package natbib Warning: There were undefined citations.

Package atveryend Info: Empty hook `BeforeClearDocument' on input line 128.
[78

]
Package atveryend Info: Empty hook `AfterLastShipout' on input line 128.
 (./nim_tof12.aux (./ralf/ralf_12gev_upgrade.aux)
(./evan/evan_ftof_requirements.aux) (./gleb/gleb_source_method.aux)
(./gleb/gleb_thin_scintillator.aux) (./gary/gary_three_bar.aux)
(./gary/gary_six_bar_method.aux) (./gary/gary_six_bar_refinement.aux)
(./evan/evan_electronics.aux) (./evan/evan_tdc_testing.aux)
(./evan/evan_qdc_testing.aux) (./evan/evan_discriminator_testing.aux)
(./gleb/gleb_time_walk.aux) (./arjun/arjun_pmt_resolution.aux)
(./arjun/arjun_threshold.aux) (./arjun/arjun_magnetic_shielding.aux)
(./arjun/arjun_design.aux) (./arjun/arjun_external_shielding.aux)
(./arjun/arjun_shielding_implementation.aux) (./arjun/arjun_field_tolerance.aux
) (./arjun/arjun_results.aux) (./ye/ye_geometry.aux) (./ye/ye_scintillator.aux)
(./ye/ye_wrap.aux) (./ye/ye_cables.aux) (./ye/ye_construction.aux)
(./nick/nick_pmt_test.aux) (./gleb/gleb_quality_control.aux)
(./gleb/gleb_time_resol.aux) (./gleb/gleb_att_length.aux)
(./gleb/gleb_summary.aux))
Package atveryend Info: Executing hook `AtVeryEndDocument' on input line 128.
Package atveryend Info: Executing hook `AtEndAfterFileList' on input line 128.
Package rerunfilecheck Info: File `nim_tof12.out' has not changed.
(rerunfilecheck)             Checksum: 912E1F28649086561B8AA74254FC6196;2550.


LaTeX Warning: There were undefined references.

Package atveryend Info: Empty hook `AtVeryVeryEnd' on input line 128.
 ) 
Here is how much of TeX's memory you used:
 13056 strings out of 494985
 202550 string characters out of 6180355
 349775 words of memory out of 5000000
 15586 multiletter control sequences out of 15000+600000
 12799 words of font info for 49 fonts, out of 8000000 for 9000
 36 hyphenation exceptions out of 8191
 44i,10n,77p,1545b,454s stack positions out of 5000i,500n,10000p,200000b,80000s
</usr/share/texlive/texmf-dist/fonts/type1/public/amsfonts/cm/cmbx10.pfb></us
r/share/texlive/texmf-dist/fonts/type1/public/amsfonts/cm/cmbx12.pfb></usr/shar
e/texlive/texmf-dist/fonts/type1/public/amsfonts/cm/cmex10.pfb></usr/share/texl
ive/texmf-dist/fonts/type1/public/amsfonts/cm/cmmi10.pfb></usr/share/texlive/te
xmf-dist/fonts/type1/public/amsfonts/cm/cmmi12.pfb></usr/share/texlive/texmf-di
st/fonts/type1/public/amsfonts/cm/cmmi6.pfb></usr/share/texlive/texmf-dist/font
s/type1/public/amsfonts/cm/cmmi7.pfb></usr/share/texlive/texmf-dist/fonts/type1
/public/amsfonts/cm/cmmi8.pfb></usr/share/texlive/texmf-dist/fonts/type1/public
/amsfonts/cm/cmr10.pfb></usr/share/texlive/texmf-dist/fonts/type1/public/amsfon
ts/cm/cmr12.pfb></usr/share/texlive/texmf-dist/fonts/type1/public/amsfonts/cm/c
mr17.pfb></usr/share/texlive/texmf-dist/fonts/type1/public/amsfonts/cm/cmr6.pfb
></usr/share/texlive/texmf-dist/fonts/type1/public/amsfonts/cm/cmr7.pfb></usr/s
hare/texlive/texmf-dist/fonts/type1/public/amsfonts/cm/cmr8.pfb></usr/share/tex
live/texmf-dist/fonts/type1/public/amsfonts/cm/cmsy10.pfb></usr/share/texlive/t
exmf-dist/fonts/type1/public/amsfonts/cm/cmsy7.pfb></usr/share/texlive/texmf-di
st/fonts/type1/public/amsfonts/cm/cmsy8.pfb></usr/share/texlive/texmf-dist/font
s/type1/public/amsfonts/cm/cmti10.pfb></usr/share/texlive/texmf-dist/fonts/type
1/public/amsfonts/cm/cmti12.pfb></usr/share/texlive/texmf-dist/fonts/type1/publ
ic/amsfonts/cm/cmti7.pfb></usr/share/texlive/texmf-dist/fonts/type1/public/amsf
onts/cm/cmtt12.pfb>
Output written on nim_tof12.pdf (78 pages, 8588613 bytes).
PDF statistics:
 2214 PDF objects out of 2487 (max. 8388607)
 1293 compressed objects within 13 object streams
 197 named destinations out of 1000 (max. 500000)
 525 words of extra memory for PDF output out of 10000 (max. 10000000)

