This is pdfTeX, Version 3.1415926-2.5-1.40.14 (TeX Live 2013/Debian) (format=pdflatex 2014.10.24)  12 JAN 2015 16:10
entering extended mode
 restricted \write18 enabled.
 %&-line parsing enabled.
**nim_tof12
(./nim_tof12.tex
LaTeX2e <2011/06/27>
Babel <3.9h> and hyphenation patterns for 4 languages loaded.
(./elsarticle.cls
Document Class: elsarticle 2009/09/17, 1.20b: Elsevier Ltd
\@bls=\dimen102
(/usr/share/texlive/texmf-dist/tex/latex/base/article.cls
Document Class: article 2007/10/19 v1.4h Standard LaTeX document class
(/usr/share/texlive/texmf-dist/tex/latex/base/size12.clo
File: size12.clo 2007/10/19 v1.4h Standard LaTeX file (size option)
)
\c@part=\count79
\c@section=\count80
\c@subsection=\count81
\c@subsubsection=\count82
\c@paragraph=\count83
\c@subparagraph=\count84
\c@figure=\count85
\c@table=\count86
\abovecaptionskip=\skip41
\belowcaptionskip=\skip42
\bibindent=\dimen103
)
(/usr/share/texlive/texmf-dist/tex/latex/graphics/graphicx.sty
Package: graphicx 1999/02/16 v1.0f Enhanced LaTeX Graphics (DPC,SPQR)

(/usr/share/texlive/texmf-dist/tex/latex/graphics/keyval.sty
Package: keyval 1999/03/16 v1.13 key=value parser (DPC)
\KV@toks@=\toks14
)
(/usr/share/texlive/texmf-dist/tex/latex/graphics/graphics.sty
Package: graphics 2009/02/05 v1.0o Standard LaTeX Graphics (DPC,SPQR)

(/usr/share/texlive/texmf-dist/tex/latex/graphics/trig.sty
Package: trig 1999/03/16 v1.09 sin cos tan (DPC)
)
(/usr/share/texlive/texmf-dist/tex/latex/latexconfig/graphics.cfg
File: graphics.cfg 2010/04/23 v1.9 graphics configuration of TeX Live
)
Package graphics Info: Driver file: pdftex.def on input line 91.

(/usr/share/texlive/texmf-dist/tex/latex/pdftex-def/pdftex.def
File: pdftex.def 2011/05/27 v0.06d Graphics/color for pdfTeX

(/usr/share/texlive/texmf-dist/tex/generic/oberdiek/infwarerr.sty
Package: infwarerr 2010/04/08 v1.3 Providing info/warning/error messages (HO)
)
(/usr/share/texlive/texmf-dist/tex/generic/oberdiek/ltxcmds.sty
Package: ltxcmds 2011/11/09 v1.22 LaTeX kernel commands for general use (HO)
)
\Gread@gobject=\count87
))
\Gin@req@height=\dimen104
\Gin@req@width=\dimen105
)
(/usr/share/texlive/texmf-dist/tex/latex/psnfss/pifont.sty
Package: pifont 2005/04/12 PSNFSS-v9.2a Pi font support (SPQR) 
LaTeX Font Info:    Try loading font information for U+pzd on input line 63.

(/usr/share/texlive/texmf-dist/tex/latex/psnfss/upzd.fd
File: upzd.fd 2001/06/04 font definitions for U/pzd.
)
LaTeX Font Info:    Try loading font information for U+psy on input line 64.

(/usr/share/texlive/texmf-dist/tex/latex/psnfss/upsy.fd
File: upsy.fd 2001/06/04 font definitions for U/psy.
))
\c@tnote=\count88
\c@fnote=\count89
\c@cnote=\count90
\c@ead=\count91
\c@author=\count92
\@eadauthor=\toks15
\c@affn=\count93
\absbox=\box26
\keybox=\box27
\Columnwidth=\dimen106
\space@left=\dimen107
\els@boxa=\box28
\els@boxb=\box29
\leftMargin=\dimen108
\@enLab=\toks16
\@sep=\skip43
\@@sep=\skip44
 (./nim_tof12.spl)
(/usr/share/texlive/texmf-dist/tex/latex/natbib/natbib.sty
Package: natbib 2010/09/13 8.31b (PWD, AO)
\bibhang=\skip45
\bibsep=\skip46
LaTeX Info: Redefining \cite on input line 694.
\c@NAT@ctr=\count94
)
\splwrite=\write3
\openout3 = `nim_tof12.spl'.

\appnamewidth=\dimen109
)
(/usr/share/texlive/texmf-dist/tex/latex/amsmath/amsmath.sty
Package: amsmath 2013/01/14 v2.14 AMS math features
\@mathmargin=\skip47

For additional information on amsmath, use the `?' option.
(/usr/share/texlive/texmf-dist/tex/latex/amsmath/amstext.sty
Package: amstext 2000/06/29 v2.01

(/usr/share/texlive/texmf-dist/tex/latex/amsmath/amsgen.sty
File: amsgen.sty 1999/11/30 v2.0
\@emptytoks=\toks17
\ex@=\dimen110
))
(/usr/share/texlive/texmf-dist/tex/latex/amsmath/amsbsy.sty
Package: amsbsy 1999/11/29 v1.2d
\pmbraise@=\dimen111
)
(/usr/share/texlive/texmf-dist/tex/latex/amsmath/amsopn.sty
Package: amsopn 1999/12/14 v2.01 operator names
)
\inf@bad=\count95
LaTeX Info: Redefining \frac on input line 210.
\uproot@=\count96
\leftroot@=\count97
LaTeX Info: Redefining \overline on input line 306.
\classnum@=\count98
\DOTSCASE@=\count99
LaTeX Info: Redefining \ldots on input line 378.
LaTeX Info: Redefining \dots on input line 381.
LaTeX Info: Redefining \cdots on input line 466.
\Mathstrutbox@=\box30
\strutbox@=\box31
\big@size=\dimen112
LaTeX Font Info:    Redeclaring font encoding OML on input line 566.
LaTeX Font Info:    Redeclaring font encoding OMS on input line 567.
\macc@depth=\count100
\c@MaxMatrixCols=\count101
\dotsspace@=\muskip10
\c@parentequation=\count102
\dspbrk@lvl=\count103
\tag@help=\toks18
\row@=\count104
\column@=\count105
\maxfields@=\count106
\andhelp@=\toks19
\eqnshift@=\dimen113
\alignsep@=\dimen114
\tagshift@=\dimen115
\tagwidth@=\dimen116
\totwidth@=\dimen117
\lineht@=\dimen118
\@envbody=\toks20
\multlinegap=\skip48
\multlinetaggap=\skip49
\mathdisplay@stack=\toks21
LaTeX Info: Redefining \[ on input line 2665.
LaTeX Info: Redefining \] on input line 2666.
)
(/usr/share/texlive/texmf-dist/tex/latex/preprint/fullpage.sty
Package: fullpage 1999/02/23 1.1 (PWD)
\FP@margin=\skip50
)
(/usr/share/texlive/texmf-dist/tex/latex/caption/caption.sty
Package: caption 2013/05/02 v3.3-89 Customizing captions (AR)

(/usr/share/texlive/texmf-dist/tex/latex/caption/caption3.sty
Package: caption3 2013/05/02 v1.6-88 caption3 kernel (AR)
Package caption3 Info: TeX engine: e-TeX on input line 57.
\captionmargin=\dimen119
\captionmargin@=\dimen120
\captionwidth=\dimen121
\caption@tempdima=\dimen122
\caption@indent=\dimen123
\caption@parindent=\dimen124
\caption@hangindent=\dimen125
)
\c@ContinuedFloat=\count107
)
(/usr/share/texlive/texmf-dist/tex/latex/float/float.sty
Package: float 2001/11/08 v1.3d Float enhancements (AL)
\c@float@type=\count108
\float@exts=\toks22
\float@box=\box32
\@float@everytoks=\toks23
\@floatcapt=\box33
)
(/usr/share/texlive/texmf-dist/tex/latex/amsfonts/amssymb.sty
Package: amssymb 2013/01/14 v3.01 AMS font symbols

(/usr/share/texlive/texmf-dist/tex/latex/amsfonts/amsfonts.sty
Package: amsfonts 2013/01/14 v3.01 Basic AMSFonts support
\symAMSa=\mathgroup4
\symAMSb=\mathgroup5
LaTeX Font Info:    Overwriting math alphabet `\mathfrak' in version `bold'
(Font)                  U/euf/m/n --> U/euf/b/n on input line 106.
))
(/usr/share/texlive/texmf-dist/tex/latex/tools/array.sty
Package: array 2008/09/09 v2.4c Tabular extension package (FMi)
\col@sep=\dimen126
\extrarowheight=\dimen127
\NC@list=\toks24
\extratabsurround=\skip51
\backup@length=\skip52
)
(/usr/share/texlive/texmf-dist/tex/latex/ms/ragged2e.sty
Package: ragged2e 2009/05/21 v2.1 ragged2e Package (MS)

(/usr/share/texlive/texmf-dist/tex/latex/ms/everysel.sty
Package: everysel 2011/10/28 v1.2 EverySelectfont Package (MS)
)
\CenteringLeftskip=\skip53
\RaggedLeftLeftskip=\skip54
\RaggedRightLeftskip=\skip55
\CenteringRightskip=\skip56
\RaggedLeftRightskip=\skip57
\RaggedRightRightskip=\skip58
\CenteringParfillskip=\skip59
\RaggedLeftParfillskip=\skip60
\RaggedRightParfillskip=\skip61
\JustifyingParfillskip=\skip62
\CenteringParindent=\skip63
\RaggedLeftParindent=\skip64
\RaggedRightParindent=\skip65
\JustifyingParindent=\skip66
)
(/usr/share/texlive/texmf-dist/tex/latex/pst-node/pst-node.sty
Package: pst-node 2012/09/18 v1.01 LaTeX wrapper for `pst-node' (HV)

(/usr/share/texlive/texmf-dist/tex/latex/pstricks/pstricks.sty
Package: pstricks 2013/12/12 v0.60 LaTeX wrapper for `PSTricks' (RN,HV)

(/usr/share/texlive/texmf-dist/tex/generic/oberdiek/ifpdf.sty
Package: ifpdf 2011/01/30 v2.3 Provides the ifpdf switch (HO)
Package ifpdf Info: pdfTeX in PDF mode is detected.
)
(/usr/share/texlive/texmf-dist/tex/generic/pstricks/pstricks.tex
(/usr/share/texlive/texmf-dist/tex/generic/xkeyval/pst-xkey.tex
File: pst-xkey.tex 2005/11/25 v1.6 PSTricks specialization of xkeyval (HA)

(/usr/share/texlive/texmf-dist/tex/latex/xkeyval/xkeyval.sty
Package: xkeyval 2012/10/14 v2.6b package option processing (HA)

(/usr/share/texlive/texmf-dist/tex/generic/xkeyval/xkeyval.tex
\XKV@toks=\toks25
\XKV@tempa@toks=\toks26
\XKV@depth=\count109
File: xkeyval.tex 2012/10/14 v2.6b key=value parser (HA)
)))
(/usr/share/texlive/texmf-dist/tex/generic/pstricks/pst-fp.tex
`pst-fp' v0.05, 2010/01/17 (hv)
\pstFP@xs=\count110
\pstFP@xia=\count111
\pstFP@xib=\count112
\pstFP@xfa=\count113
\pstFP@xfb=\count114
\pstFP@rega=\count115
\pstFP@regb=\count116
\pstFP@regs=\count117
\pstFP@times=\count118
)
(/usr/share/texmf/tex/generic/pgf/utilities/pgfutil-common.tex
\pgfutil@everybye=\toks27
)
(/usr/share/texmf/tex/generic/pgf/utilities/pgfkeys.code.tex
\pgfkeys@pathtoks=\toks28
\pgfkeys@temptoks=\toks29

(/usr/share/texmf/tex/generic/pgf/utilities/pgfkeysfiltered.code.tex
\pgfkeys@tmptoks=\toks30
))
(/usr/share/texmf/tex/generic/pgf/utilities/pgffor.code.tex
\pgffor@iter=\dimen128
\pgffor@skip=\dimen129
\pgffor@stack=\toks31
\pgffor@toks=\toks32
)
\psLoopIndex=\count119

`PSTricks' v2.51  <2014/02/03> (tvz)
\pst@dima=\dimen130
\pst@dimb=\dimen131
\pst@dimc=\dimen132
\pst@dimd=\dimen133
\pst@dimg=\dimen134
\pst@dimh=\dimen135
\pst@dimm=\dimen136
\pst@dimn=\dimen137
\pst@dimo=\dimen138
\pst@dimp=\dimen139
\pst@hbox=\box34
\pst@ibox=\box35
\pst@boxg=\box36
\pst@cnta=\count120
\pst@cntb=\count121
\pst@cntc=\count122
\pst@cntd=\count123
\pst@cntg=\count124
\pst@cnth=\count125
\pst@cntm=\count126
\pst@cntn=\count127
\pst@cnto=\count128
\pst@cntp=\count129
\@zero=\count130
\pst@toks=\toks33
(/usr/share/texlive/texmf-dist/tex/generic/pstricks/pstricks.con)
\psunit=\dimen140
\psxunit=\dimen141
\psyunit=\dimen142
\pst@C@@rType=\count131
\pslinewidth=\dimen143
\psk@startLW=\dimen144
\psk@endLW=\dimen145
\pst@customdefs=\toks34
\pslinearc=\dimen146
\pst@symbolStep=\dimen147
\pst@symbolWidth=\dimen148
\pst@symbolLinewidth=\dimen149
\everypsbox=\toks35
\psframesep=\dimen150
\pslabelsep=\dimen151
\sh@wgridXunit=\dimen152
\sh@wgridYunit=\dimen153
\pst@shift=\dimen154
)
File: pstricks.tex 2014/02/03 v2.51 `PSTricks' (tvz,hv)

(/usr/share/texlive/texmf-dist/tex/generic/pstricks/pst-fp.tex)
File: pst-fp.tex 2014/02/03 v2.51 `PST-fp' (hv)

(/usr/share/texmf/tex/latex/xcolor/xcolor.sty
Package: xcolor 2007/01/21 v2.11 LaTeX color extensions (UK)

(/usr/share/texlive/texmf-dist/tex/latex/latexconfig/color.cfg
File: color.cfg 2007/01/18 v1.5 color configuration of teTeX/TeXLive
)
Package xcolor Info: Driver file: pdftex.def on input line 225.
Package xcolor Info: Model `cmy' substituted by `cmy0' on input line 1337.
Package xcolor Info: Model `hsb' substituted by `rgb' on input line 1341.
Package xcolor Info: Model `RGB' extended on input line 1353.
Package xcolor Info: Model `HTML' substituted by `rgb' on input line 1355.
Package xcolor Info: Model `Hsb' substituted by `hsb' on input line 1356.
Package xcolor Info: Model `tHsb' substituted by `hsb' on input line 1357.
Package xcolor Info: Model `HSB' substituted by `hsb' on input line 1358.
Package xcolor Info: Model `Gray' substituted by `gray' on input line 1359.
Package xcolor Info: Model `wave' substituted by `hsb' on input line 1360.
))
Package: pst-node 2010/04/22 package wrapper for pst-node.tex

(/usr/share/texlive/texmf-dist/tex/generic/pst-node/pst-node.tex
 v1.32, 2014/02/03
\psrow=\count132
\pscol=\count133
\psmatrixcnt=\count134
\psrowsep=\skip67
\pscolsep=\skip68
\pst@args=\count135
\num@pts=\count136
\pst@argcnt=\count137
)
File: pst-node.tex 2014/02/03 1.32 `pst-node' (tvz,hv)
)
(/usr/share/texlive/texmf-dist/tex/latex/pst-dbicons/pst-dbicons.sty
Style `pst-dbicons', Version 0.16 <2010/03/25>
Package: pst-dbicons 2010/03/25 0.16
\@attrdist=\dimen155
\rolepos=\toks36
\cardpos=\toks37
) (/usr/share/texlive/texmf-dist/tex/latex/pst-blur/pst-blur.sty
Package: pst-blur 2005/09/08 package wrapper for pst-blur.tex (hv)

(/usr/share/texlive/texmf-dist/tex/generic/pst-blur/pst-blur.tex
 v2.0, 2005/09/08)
File: pst-blur.tex 2005/09/08 v2.0 `PST-blur' (hv)
)
(/usr/share/texlive/texmf-dist/tex/latex/comment/comment.sty
\CommentStream=\write4

Excluding comment 'comment')
(/usr/share/texlive/texmf-dist/tex/latex/subfigure/subfigure.sty
Package: subfigure 2002/03/15 v2.1.5 subfigure package
\subfigtopskip=\skip69
\subfigcapskip=\skip70
\subfigcaptopadj=\dimen156
\subfigbottomskip=\skip71
\subfigcapmargin=\dimen157
\subfiglabelskip=\skip72
\c@subfigure=\count138
\c@lofdepth=\count139
\c@subtable=\count140
\c@lotdepth=\count141

****************************************
* Local config file subfigure.cfg used *
****************************************
(/usr/share/texlive/texmf-dist/tex/latex/subfigure/subfigure.cfg)
\subfig@top=\skip73
\subfig@bottom=\skip74
)
(/usr/share/texlive/texmf-dist/tex/latex/graphics/lscape.sty
Package: lscape 2000/10/22 v3.01 Landscape Pages (DPC)
)
(/usr/share/texlive/texmf-dist/tex/latex/multirow/multirow.sty
\bigstrutjot=\dimen158
)
(/usr/share/texlive/texmf-dist/tex/latex/hyperref/hyperref.sty
Package: hyperref 2012/11/06 v6.83m Hypertext links for LaTeX

(/usr/share/texlive/texmf-dist/tex/generic/oberdiek/hobsub-hyperref.sty
Package: hobsub-hyperref 2012/05/28 v1.13 Bundle oberdiek, subset hyperref (HO)


(/usr/share/texlive/texmf-dist/tex/generic/oberdiek/hobsub-generic.sty
Package: hobsub-generic 2012/05/28 v1.13 Bundle oberdiek, subset generic (HO)
Package: hobsub 2012/05/28 v1.13 Construct package bundles (HO)
Package hobsub Info: Skipping package `infwarerr' (already loaded).
Package hobsub Info: Skipping package `ltxcmds' (already loaded).
Package: ifluatex 2010/03/01 v1.3 Provides the ifluatex switch (HO)
Package ifluatex Info: LuaTeX not detected.
Package: ifvtex 2010/03/01 v1.5 Detect VTeX and its facilities (HO)
Package ifvtex Info: VTeX not detected.
Package: intcalc 2007/09/27 v1.1 Expandable calculations with integers (HO)
Package hobsub Info: Skipping package `ifpdf' (already loaded).
Package: etexcmds 2011/02/16 v1.5 Avoid name clashes with e-TeX commands (HO)
Package etexcmds Info: Could not find \expanded.
(etexcmds)             That can mean that you are not using pdfTeX 1.50 or
(etexcmds)             that some package has redefined \expanded.
(etexcmds)             In the latter case, load this package earlier.
Package: kvsetkeys 2012/04/25 v1.16 Key value parser (HO)
Package: kvdefinekeys 2011/04/07 v1.3 Define keys (HO)
Package: pdftexcmds 2011/11/29 v0.20 Utility functions of pdfTeX for LuaTeX (HO
)
Package pdftexcmds Info: LuaTeX not detected.
Package pdftexcmds Info: \pdf@primitive is available.
Package pdftexcmds Info: \pdf@ifprimitive is available.
Package pdftexcmds Info: \pdfdraftmode found.
Package: pdfescape 2011/11/25 v1.13 Implements pdfTeX's escape features (HO)
Package: bigintcalc 2012/04/08 v1.3 Expandable calculations on big integers (HO
)
Package: bitset 2011/01/30 v1.1 Handle bit-vector datatype (HO)
Package: uniquecounter 2011/01/30 v1.2 Provide unlimited unique counter (HO)
)
Package hobsub Info: Skipping package `hobsub' (already loaded).
Package: letltxmacro 2010/09/02 v1.4 Let assignment for LaTeX macros (HO)
Package: hopatch 2012/05/28 v1.2 Wrapper for package hooks (HO)
Package: xcolor-patch 2011/01/30 xcolor patch
Package: atveryend 2011/06/30 v1.8 Hooks at the very end of document (HO)
Package atveryend Info: \enddocument detected (standard20110627).
Package: atbegshi 2011/10/05 v1.16 At begin shipout hook (HO)
Package: refcount 2011/10/16 v3.4 Data extraction from label references (HO)
Package: hycolor 2011/01/30 v1.7 Color options for hyperref/bookmark (HO)
)
(/usr/share/texlive/texmf-dist/tex/generic/ifxetex/ifxetex.sty
Package: ifxetex 2010/09/12 v0.6 Provides ifxetex conditional
)
(/usr/share/texlive/texmf-dist/tex/latex/oberdiek/auxhook.sty
Package: auxhook 2011/03/04 v1.3 Hooks for auxiliary files (HO)
)
(/usr/share/texlive/texmf-dist/tex/latex/oberdiek/kvoptions.sty
Package: kvoptions 2011/06/30 v3.11 Key value format for package options (HO)
)
\@linkdim=\dimen159
\Hy@linkcounter=\count142
\Hy@pagecounter=\count143

(/usr/share/texlive/texmf-dist/tex/latex/hyperref/pd1enc.def
File: pd1enc.def 2012/11/06 v6.83m Hyperref: PDFDocEncoding definition (HO)
)
\Hy@SavedSpaceFactor=\count144

(/usr/share/texlive/texmf-dist/tex/latex/latexconfig/hyperref.cfg
File: hyperref.cfg 2002/06/06 v1.2 hyperref configuration of TeXLive
)
Package hyperref Info: Hyper figures OFF on input line 4443.
Package hyperref Info: Link nesting OFF on input line 4448.
Package hyperref Info: Hyper index ON on input line 4451.
Package hyperref Info: Plain pages OFF on input line 4458.
Package hyperref Info: Backreferencing OFF on input line 4463.
Package hyperref Info: Implicit mode ON; LaTeX internals redefined.
Package hyperref Info: Bookmarks ON on input line 4688.
\c@Hy@tempcnt=\count145

(/usr/share/texlive/texmf-dist/tex/latex/url/url.sty
\Urlmuskip=\muskip11
Package: url 2013/09/16  ver 3.4  Verb mode for urls, etc.
)
LaTeX Info: Redefining \url on input line 5041.
\XeTeXLinkMargin=\dimen160
\Fld@menulength=\count146
\Field@Width=\dimen161
\Fld@charsize=\dimen162
Package hyperref Info: Hyper figures OFF on input line 6295.
Package hyperref Info: Link nesting OFF on input line 6300.
Package hyperref Info: Hyper index ON on input line 6303.
Package hyperref Info: backreferencing OFF on input line 6310.
Package hyperref Info: Link coloring OFF on input line 6315.
Package hyperref Info: Link coloring with OCG OFF on input line 6320.
Package hyperref Info: PDF/A mode OFF on input line 6325.
LaTeX Info: Redefining \ref on input line 6365.
LaTeX Info: Redefining \pageref on input line 6369.
\Hy@abspage=\count147
\c@Item=\count148
\c@Hfootnote=\count149
)

Package hyperref Message: Driver (autodetected): hpdftex.

(/usr/share/texlive/texmf-dist/tex/latex/hyperref/hpdftex.def
File: hpdftex.def 2012/11/06 v6.83m Hyperref driver for pdfTeX
\Fld@listcount=\count150
\c@bookmark@seq@number=\count151

(/usr/share/texlive/texmf-dist/tex/latex/oberdiek/rerunfilecheck.sty
Package: rerunfilecheck 2011/04/15 v1.7 Rerun checks for auxiliary files (HO)
Package uniquecounter Info: New unique counter `rerunfilecheck' on input line 2
82.
)
\Hy@SectionHShift=\skip75
)
(/usr/share/texlive/texmf-dist/tex/latex/mh/mathtools.sty
Package: mathtools 2013/02/12 v1.13 mathematical typesetting tools

(/usr/share/texlive/texmf-dist/tex/latex/tools/calc.sty
Package: calc 2007/08/22 v4.3 Infix arithmetic (KKT,FJ)
\calc@Acount=\count152
\calc@Bcount=\count153
\calc@Adimen=\dimen163
\calc@Bdimen=\dimen164
\calc@Askip=\skip76
\calc@Bskip=\skip77
LaTeX Info: Redefining \setlength on input line 76.
LaTeX Info: Redefining \addtolength on input line 77.
\calc@Ccount=\count154
\calc@Cskip=\skip78
)
(/usr/share/texlive/texmf-dist/tex/latex/mh/mhsetup.sty
Package: mhsetup 2010/01/21 v1.2a programming setup (MH)
)
LaTeX Info: Thecontrolsequence`\['isalreadyrobust on input line 129.
LaTeX Info: Thecontrolsequence`\]'isalreadyrobust on input line 129.
\g_MT_multlinerow_int=\count155
\l_MT_multwidth_dim=\dimen165
\origjot=\skip79
\l_MT_shortvdotswithinadjustabove_dim=\dimen166
\l_MT_shortvdotswithinadjustbelow_dim=\dimen167
\l_MT_above_intertext_sep=\dimen168
\l_MT_below_intertext_sep=\dimen169
\l_MT_above_shortintertext_sep=\dimen170
\l_MT_below_shortintertext_sep=\dimen171
)
(/usr/share/texlive/texmf-dist/tex/latex/siunitx/siunitx.sty
(/usr/share/texlive/texmf-dist/tex/latex/l3kernel/expl3.sty
(/usr/share/texlive/texmf-dist/tex/latex/l3kernel/l3names.sty
(/usr/share/texlive/texmf-dist/tex/latex/l3kernel/l3bootstrap.sty
Package: l3bootstrap 2014/01/04 v4640 L3 Experimental bootstrap code
)
Package: l3names 2014/01/04 v4640 L3 Namespace for primitives
)
(/usr/share/texlive/texmf-dist/tex/latex/etex-pkg/etex.sty
Package: etex 1998/03/26 v2.0 eTeX basic definition package (PEB)
\et@xins=\count156
)
Package: expl3 2014/01/07 v4646 L3 Experimental code bundle wrapper

(/usr/share/texlive/texmf-dist/tex/latex/l3kernel/l3basics.sty
Package: l3basics 2014/01/04 v4642 L3 Basic definitions
)
(/usr/share/texlive/texmf-dist/tex/latex/l3kernel/l3expan.sty
Package: l3expan 2014/01/04 v4642 L3 Argument expansion
)
(/usr/share/texlive/texmf-dist/tex/latex/l3kernel/l3tl.sty
Package: l3tl 2013/12/27 v4625 L3 Token lists
)
(/usr/share/texlive/texmf-dist/tex/latex/l3kernel/l3seq.sty
Package: l3seq 2013/12/14 v4623 L3 Sequences and stacks
)
(/usr/share/texlive/texmf-dist/tex/latex/l3kernel/l3int.sty
Package: l3int 2013/08/02 v4583 L3 Integers
\c_max_int=\count157
\l_tmpa_int=\count158
\l_tmpb_int=\count159
\g_tmpa_int=\count160
\g_tmpb_int=\count161
)
(/usr/share/texlive/texmf-dist/tex/latex/l3kernel/l3quark.sty
Package: l3quark 2013/12/14 v4623 L3 Quarks
)
(/usr/share/texlive/texmf-dist/tex/latex/l3kernel/l3prg.sty
Package: l3prg 2014/01/04 v4642 L3 Control structures
\g__prg_map_int=\count162
)
(/usr/share/texlive/texmf-dist/tex/latex/l3kernel/l3clist.sty
Package: l3clist 2013/07/28 v4581 L3 Comma separated lists
)
(/usr/share/texlive/texmf-dist/tex/latex/l3kernel/l3token.sty
Package: l3token 2013/08/25 v4587 L3 Experimental token manipulation
)
(/usr/share/texlive/texmf-dist/tex/latex/l3kernel/l3prop.sty
Package: l3prop 2013/12/14 v4623 L3 Property lists
)
(/usr/share/texlive/texmf-dist/tex/latex/l3kernel/l3msg.sty
Package: l3msg 2013/07/28 v4581 L3 Messages
)
(/usr/share/texlive/texmf-dist/tex/latex/l3kernel/l3file.sty
Package: l3file 2013/10/13 v4596 L3 File and I/O operations
\l_iow_line_count_int=\count163
\l__iow_target_count_int=\count164
\l__iow_current_line_int=\count165
\l__iow_current_word_int=\count166
\l__iow_current_indentation_int=\count167
)
(/usr/share/texlive/texmf-dist/tex/latex/l3kernel/l3skip.sty
Package: l3skip 2013/07/28 v4581 L3 Dimensions and skips
\c_zero_dim=\dimen172
\c_max_dim=\dimen173
\l_tmpa_dim=\dimen174
\l_tmpb_dim=\dimen175
\g_tmpa_dim=\dimen176
\g_tmpb_dim=\dimen177
\c_zero_skip=\skip80
\c_max_skip=\skip81
\l_tmpa_skip=\skip82
\l_tmpb_skip=\skip83
\g_tmpa_skip=\skip84
\g_tmpb_skip=\skip85
\c_zero_muskip=\muskip12
\c_max_muskip=\muskip13
\l_tmpa_muskip=\muskip14
\l_tmpb_muskip=\muskip15
\g_tmpa_muskip=\muskip16
\g_tmpb_muskip=\muskip17
)
(/usr/share/texlive/texmf-dist/tex/latex/l3kernel/l3keys.sty
Package: l3keys 2013/12/08 v4614 L3 Experimental key-value interfaces
\g__keyval_level_int=\count168
\l_keys_choice_int=\count169
)
(/usr/share/texlive/texmf-dist/tex/latex/l3kernel/l3fp.sty
Package: l3fp 2014/01/04 v4642 L3 Floating points
\c__fp_leading_shift_int=\count170
\c__fp_middle_shift_int=\count171
\c__fp_trailing_shift_int=\count172
\c__fp_big_leading_shift_int=\count173
\c__fp_big_middle_shift_int=\count174
\c__fp_big_trailing_shift_int=\count175
\c__fp_Bigg_leading_shift_int=\count176
\c__fp_Bigg_middle_shift_int=\count177
\c__fp_Bigg_trailing_shift_int=\count178
)
(/usr/share/texlive/texmf-dist/tex/latex/l3kernel/l3box.sty
Package: l3box 2013/07/28 v4581 L3 Experimental boxes
\c_empty_box=\box37
\l_tmpa_box=\box38
\l_tmpb_box=\box39
\g_tmpa_box=\box40
\g_tmpb_box=\box41
)
(/usr/share/texlive/texmf-dist/tex/latex/l3kernel/l3coffins.sty
Package: l3coffins 2013/12/14 v4624 L3 Coffin code layer
\l__coffin_internal_box=\box42
\l__coffin_internal_dim=\dimen178
\l__coffin_offset_x_dim=\dimen179
\l__coffin_offset_y_dim=\dimen180
\l__coffin_x_dim=\dimen181
\l__coffin_y_dim=\dimen182
\l__coffin_x_prime_dim=\dimen183
\l__coffin_y_prime_dim=\dimen184
\c_empty_coffin=\box43
\l__coffin_aligned_coffin=\box44
\l__coffin_aligned_internal_coffin=\box45
\l_tmpa_coffin=\box46
\l_tmpb_coffin=\box47
\l__coffin_display_coffin=\box48
\l__coffin_display_coord_coffin=\box49
\l__coffin_display_pole_coffin=\box50
\l__coffin_display_offset_dim=\dimen185
\l__coffin_display_x_dim=\dimen186
\l__coffin_display_y_dim=\dimen187
)
(/usr/share/texlive/texmf-dist/tex/latex/l3kernel/l3color.sty
Package: l3color 2012/08/29 v4156 L3 Experimental color support
)
(/usr/share/texlive/texmf-dist/tex/latex/l3kernel/l3luatex.sty
Package: l3luatex 2013/07/28 v4581 L3 Experimental LuaTeX-specific functions
\g__cctab_allocate_int=\count179
\g__cctab_stack_int=\count180
)
(/usr/share/texlive/texmf-dist/tex/latex/l3kernel/l3candidates.sty
Package: l3candidates 2014/01/06 v4643 L3 Experimental additions to l3kernel
\l__box_top_dim=\dimen188
\l__box_bottom_dim=\dimen189
\l__box_left_dim=\dimen190
\l__box_right_dim=\dimen191
\l__box_top_new_dim=\dimen192
\l__box_bottom_new_dim=\dimen193
\l__box_left_new_dim=\dimen194
\l__box_right_new_dim=\dimen195
\l__box_internal_box=\box51
\l__coffin_bounding_shift_dim=\dimen196
\l__coffin_left_corner_dim=\dimen197
\l__coffin_right_corner_dim=\dimen198
\l__coffin_bottom_corner_dim=\dimen199
\l__coffin_top_corner_dim=\dimen200
\l__coffin_scaled_total_height_dim=\dimen201
Normal \dimen register pool exhausted, switching to extended pool.
\l__coffin_scaled_width_dim=\dimen256
))
(/usr/share/texlive/texmf-dist/tex/latex/l3packages/xparse/xparse.sty
Package: xparse 2013/12/31 v4634 L3 Experimental document command parser
\l__xparse_current_arg_int=\count181
\l__xparse_m_args_int=\count182
\l__xparse_mandatory_args_int=\count183
\l__xparse_processor_int=\count184
\l__xparse_v_nesting_int=\count185
)
Package: siunitx 2013/07/31 v2.5s A comprehensive (SI) units package

(/usr/share/texlive/texmf-dist/tex/latex/l3packages/l3keys2e/l3keys2e.sty
Package: l3keys2e 2013/12/31 v4634 LaTeX2e option processing using LaTeX3 keys
)
Variant \tl_if_blank:VTF already defined; not changing it on line 50
\l__siunitx_tmp_box=\box52
\l__siunitx_tmp_dim=\dimen257
\l__siunitx_tmp_int=\count186
Variant \prop_get:NVNT already defined; not changing it on line 371
Variant \prop_get:NVNF already defined; not changing it on line 372
Variant \prop_get:NVNTF already defined; not changing it on line 373
\l__siunitx_number_mantissa_length_int=\count187
\l__siunitx_number_uncert_length_int=\count188
\l__siunitx_round_int=\count189
\l__siunitx_process_decimal_int=\count190
\l__siunitx_process_uncertainty_int=\count191
\l__siunitx_process_fixed_int=\count192
\l__siunitx_process_integer_min_int=\count193
\l__siunitx_process_precision_int=\count194
\l__siunitx_group_min_int=\count195
\l__siunitx_angle_marker_box=\box53
\l__siunitx_angle_unit_box=\box54
\l__siunitx_angle_marker_dim=\dimen258
\l__siunitx_angle_unit_dim=\dimen259
\l__siunitx_unit_int=\count196
\l__siunitx_unit_denominator_int=\count197
\l__siunitx_unit_numerator_int=\count198
\l__siunitx_unit_prefix_int=\count199
\l__siunitx_unit_prefix_base_int=\count200
\l__siunitx_unit_prefix_gram_int=\count201
Normal \count register pool exhausted, switching to extended pool.
\l__siunitx_number_product_int=\count277
\c__siunitx_one_fill_skip=\skip86
\l__siunitx_table_unit_align_skip=\skip87
\l__siunitx_table_exponent_dim=\dimen260
\l__siunitx_table_integer_dim=\dimen261
\l__siunitx_table_mantissa_dim=\dimen262
\l__siunitx_table_marker_dim=\dimen263
\l__siunitx_table_result_dim=\dimen264
\l__siunitx_table_uncert_dim=\dimen265
\l__siunitx_table_fill_pre_dim=\dimen266
\l__siunitx_table_fill_post_dim=\dimen267
\l__siunitx_table_fill_mid_dim=\dimen268
\l__siunitx_table_pre_box=\box55
\l__siunitx_table_post_box=\box56
\l__siunitx_table_mantissa_box=\box57
\l__siunitx_table_result_box=\box58
\l__siunitx_table_number_align_skip=\skip88
\l__siunitx_table_text_align_skip=\skip89
.................................................
. LaTeX info: "xparse/define-command"
. 
. Defining document command \DeclareBinaryPrefix with arg. spec. 'mmm' on line
. 7101.
.................................................
.................................................
. LaTeX info: "xparse/define-command"
. 
. Defining document command \DeclareSIPostPower with arg. spec. 'mm' on line
. 7104.
.................................................
.................................................
. LaTeX info: "xparse/define-command"
. 
. Defining document command \DeclareSIPrefix with arg. spec. 'mmm' on line
. 7107.
.................................................
.................................................
. LaTeX info: "xparse/define-command"
. 
. Defining document command \DeclareSIPrePower with arg. spec. 'mm' on line
. 7110.
.................................................
.................................................
. LaTeX info: "xparse/define-command"
. 
. Defining document command \DeclareSIQualifier with arg. spec. 'mm' on line
. 7113.
.................................................
.................................................
. LaTeX info: "xparse/define-command"
. 
. Defining document command \DeclareSIUnit with arg. spec. 'O{}mm' on line
. 7116.
.................................................
.................................................
. LaTeX info: "xparse/define-command"
. 
. Defining document command \DeclareSIUnitWithOptions with arg. spec. 'mmm' on
. line 7119.
.................................................
.................................................
. LaTeX info: "xparse/define-command"
. 
. Defining document command \ang with arg. spec. 'o>{\SplitArgument {2}{;}}m'
. on line 7134.
.................................................
.................................................
. LaTeX info: "xparse/define-command"
. 
. Defining document command \num with arg. spec. 'om' on line 7142.
.................................................
.................................................
. LaTeX info: "xparse/define-command"
. 
. Defining document command \numlist with arg. spec. 'o>{\SplitList {;}}m' on
. line 7150.
.................................................
.................................................
. LaTeX info: "xparse/define-command"
. 
. Defining document command \numrange with arg. spec. 'omm' on line 7158.
.................................................
.................................................
. LaTeX info: "xparse/define-command"
. 
. Defining document command \SIlist with arg. spec. 'o>{\SplitList {;}}mm' on
. line 7169.
.................................................
.................................................
. LaTeX info: "xparse/define-command"
. 
. Defining document command \SIrange with arg. spec. 'ommm' on line 7180.
.................................................
.................................................
. LaTeX info: "xparse/define-command"
. 
. Defining document command \SI with arg. spec. 'omom' on line 7191.
.................................................
.................................................
. LaTeX info: "xparse/define-command"
. 
. Defining document command \sisetup with arg. spec. 'm' on line 7194.
.................................................
.................................................
. LaTeX info: "xparse/define-command"
. 
. Defining document command \tablenum with arg. spec. 'om' on line 7206.
.................................................
.................................................
. LaTeX info: "xparse/define-command"
. 
. Defining document command \si with arg. spec. 'om' on line 7217.
.................................................
.................................................
. LaTeX info: "xparse/define-command"
. 
. Defining document command \__siunitx_bookmark_num:w with arg. spec. 'om' on
. line 7262.
.................................................
.................................................
. LaTeX info: "xparse/define-command"
. 
. Defining document command \__siunitx_bookmark_numrange:w with arg. spec.
. 'omm' on line 7264.
.................................................
.................................................
. LaTeX info: "xparse/define-command"
. 
. Defining document command \__siunitx_bookmark_SI:w with arg. spec. 'omom' on
. line 7266.
.................................................
.................................................
. LaTeX info: "xparse/define-command"
. 
. Defining document command \__siunitx_bookmark_SIlist:w with arg. spec. 'omm'
. on line 7268.
.................................................
.................................................
. LaTeX info: "xparse/define-command"
. 
. Defining document command \__siunitx_bookmark_SIrange:w with arg. spec.
. 'ommm' on line 7270.
.................................................
.................................................
. LaTeX info: "xparse/define-command"
. 
. Defining document command \__siunitx_bookmark_si:w with arg. spec. 'om' on
. line 7271.
.................................................
\g__file_internal_ior=\read1

(/usr/share/texmf/tex/latex/beamer/base/translator/translator.sty
Package: translator 2010/06/12 ver 1.10

(/usr/share/texmf/tex/latex/beamer/base/translator/translator-language-mappings
.tex)))
\@float@every@table=\toks38
 (/usr/share/texlive/texmf-dist/tex/latex/geometry/geometry.sty
Package: geometry 2010/09/12 v5.6 Page Geometry
\Gm@cnth=\count278
\Gm@cntv=\count279
\c@Gm@tempcnt=\count280
\Gm@bindingoffset=\dimen269
\Gm@wd@mp=\dimen270
\Gm@odd@mp=\dimen271
\Gm@even@mp=\dimen272
\Gm@layoutwidth=\dimen273
\Gm@layoutheight=\dimen274
\Gm@layouthoffset=\dimen275
\Gm@layoutvoffset=\dimen276
\Gm@dimlist=\toks39
)
(./nim_tof12.aux (./ralf/ralf_12gev_upgrade.aux)
(./evan/evan_ftof_requirements.aux) (./gleb/gleb_source_method.aux)
(./gleb/gleb_thin_scintillator.aux) (./gary/gary_three_bar.aux)
(./gary/gary_six_bar_method.aux) (./gary/gary_six_bar_refinement.aux)
(./evan/evan_electronics.aux) (./evan/evan_tdc_testing.aux)
(./evan/evan_qdc_testing.aux) (./evan/evan_discriminator_testing.aux)
(./gleb/gleb_time_walk.aux) (./arjun/arjun_pmt_resolution.aux)
(./arjun/arjun_threshold.aux) (./arjun/arjun_magnetic_shielding.aux)
(./arjun/arjun_design.aux) (./arjun/arjun_external_shielding.aux)
(./arjun/arjun_shielding_implementation.aux) (./arjun/arjun_field_tolerance.aux
) (./arjun/arjun_results.aux) (./ye/ye_geometry.aux) (./ye/ye_scintillator.aux)
(./ye/ye_wrap.aux) (./ye/ye_cables.aux) (./ye/ye_construction.aux)
(./nick/nick_pmt_test.aux) (./gleb/gleb_quality_control.aux)
(./gleb/gleb_time_resol.aux) (./gleb/gleb_att_length.aux)
(./gleb/gleb_summary.aux))
\openout1 = `nim_tof12.aux'.

LaTeX Font Info:    Checking defaults for OML/cmm/m/it on input line 43.
LaTeX Font Info:    ... okay on input line 43.
LaTeX Font Info:    Checking defaults for T1/cmr/m/n on input line 43.
LaTeX Font Info:    ... okay on input line 43.
LaTeX Font Info:    Checking defaults for OT1/cmr/m/n on input line 43.
LaTeX Font Info:    ... okay on input line 43.
LaTeX Font Info:    Checking defaults for OMS/cmsy/m/n on input line 43.
LaTeX Font Info:    ... okay on input line 43.
LaTeX Font Info:    Checking defaults for OMX/cmex/m/n on input line 43.
LaTeX Font Info:    ... okay on input line 43.
LaTeX Font Info:    Checking defaults for U/cmr/m/n on input line 43.
LaTeX Font Info:    ... okay on input line 43.
LaTeX Font Info:    Checking defaults for PD1/pdf/m/n on input line 43.
LaTeX Font Info:    ... okay on input line 43.

(/usr/share/texlive/texmf-dist/tex/context/base/supp-pdf.mkii
[Loading MPS to PDF converter (version 2006.09.02).]
\scratchcounter=\count281
\scratchdimen=\dimen277
\scratchbox=\box59
\nofMPsegments=\count282
\nofMParguments=\count283
\everyMPshowfont=\toks40
\MPscratchCnt=\count284
\MPscratchDim=\dimen278
\MPnumerator=\count285
\makeMPintoPDFobject=\count286
\everyMPtoPDFconversion=\toks41
) (/usr/share/texlive/texmf-dist/tex/latex/oberdiek/epstopdf-base.sty
Package: epstopdf-base 2010/02/09 v2.5 Base part for package epstopdf

(/usr/share/texlive/texmf-dist/tex/latex/oberdiek/grfext.sty
Package: grfext 2010/08/19 v1.1 Manage graphics extensions (HO)
)
Package grfext Info: Graphics extension search list:
(grfext)             [.png,.pdf,.jpg,.mps,.jpeg,.jbig2,.jb2,.PNG,.PDF,.JPG,.JPE
G,.JBIG2,.JB2,.eps]
(grfext)             \AppendGraphicsExtensions on input line 452.

(/usr/share/texlive/texmf-dist/tex/latex/latexconfig/epstopdf-sys.cfg
File: epstopdf-sys.cfg 2010/07/13 v1.3 Configuration of (r)epstopdf for TeX Liv
e
))
Package caption Info: Begin \AtBeginDocument code.
Package caption Info: float package is loaded.
Package caption Info: hyperref package is loaded.
Package caption Info: subfigure package is loaded.
Package caption Info: End \AtBeginDocument code.

ABD: EverySelectfont initializing macros
LaTeX Info: Redefining \selectfont on input line 43.
\AtBeginShipoutBox=\box60
Package hyperref Info: Link coloring OFF on input line 43.

(/usr/share/texlive/texmf-dist/tex/latex/hyperref/nameref.sty
Package: nameref 2012/10/27 v2.43 Cross-referencing by name of section

(/usr/share/texlive/texmf-dist/tex/generic/oberdiek/gettitlestring.sty
Package: gettitlestring 2010/12/03 v1.4 Cleanup title references (HO)
)
\c@section@level=\count287
)
LaTeX Info: Redefining \ref on input line 43.
LaTeX Info: Redefining \pageref on input line 43.
LaTeX Info: Redefining \nameref on input line 43.

(./nim_tof12.out) (./nim_tof12.out)
\@outlinefile=\write5
\openout5 = `nim_tof12.out'.


(/usr/share/texmf/tex/latex/beamer/base/translator/dicts/translator-basic-dicti
onary/translator-basic-dictionary-English.dict
Dictionary: translator-basic-dictionary, Language: English 
)
(/usr/share/texlive/texmf-dist/tex/latex/siunitx/config/siunitx-abbreviations.c
fg
File: siunitx-abbreviations.cfg 2013/07/31 v2.5s siunitx: Abbreviated units
)
*geometry* driver: auto-detecting
*geometry* detected driver: pdftex
*geometry* verbose mode - [ preamble ] result:
* driver: pdftex
* paper: <default>
* layout: <same size as paper>
* layoutoffset:(h,v)=(0.0pt,0.0pt)
* modes: 
* h-part:(L,W,R)=(56.9055pt, 500.484pt, 56.9055pt)
* v-part:(T,H,B)=(56.9055pt, 681.15898pt, 56.9055pt)
* \paperwidth=614.295pt
* \paperheight=794.96999pt
* \textwidth=500.484pt
* \textheight=681.15898pt
* \oddsidemargin=-15.36449pt
* \evensidemargin=-15.36449pt
* \topmargin=-15.36449pt
* \headheight=0.0pt
* \headsep=0.0pt
* \topskip=12.0pt
* \footskip=30.0pt
* \marginparwidth=44.0pt
* \marginparsep=10.0pt
* \columnsep=10.0pt
* \skip\footins=24.0pt
* \hoffset=0.0pt
* \voffset=0.0pt
* \mag=1000
* \@twocolumnfalse
* \@twosidefalse
* \@mparswitchfalse
* \@reversemarginfalse
* (1in=72.27pt=25.4mm, 1cm=28.453pt)

\c__siunitx_mathsf_int=\count288
LaTeX Font Info:    Try loading font information for U+msa on input line 43.
(/usr/share/texlive/texmf-dist/tex/latex/amsfonts/umsa.fd
File: umsa.fd 2013/01/14 v3.01 AMS symbols A
)
LaTeX Font Info:    Try loading font information for U+msb on input line 43.

(/usr/share/texlive/texmf-dist/tex/latex/amsfonts/umsb.fd
File: umsb.fd 2013/01/14 v3.01 AMS symbols B
)
\c__siunitx_mathtt_int=\count289
 [1
Non-PDF special ignored!
Non-PDF special ignored!
Non-PDF special ignored!
Non-PDF special ignored!
Non-PDF special ignored!
Non-PDF special ignored!


Non-PDF special ignored!
Non-PDF special ignored!
Non-PDF special ignored!
Non-PDF special ignored!

{/var/lib/texmf/fonts/map/pdftex/updmap/pdftex.map}]
\openout2 = `ralf/ralf_12gev_upgrade.aux'.


(./ralf/ralf_12gev_upgrade.tex
Underfull \hbox (badness 10000) in paragraph at lines 8--13

 []

<ralf/fig_ralf_12gev_upgrade/tof_installed1.pdf, id=149, 963.6pt x 722.7pt>
File: ralf/fig_ralf_12gev_upgrade/tof_installed1.pdf Graphic file (type pdf)

<use ralf/fig_ralf_12gev_upgrade/tof_installed1.pdf>
Package pdftex.def Info: ralf/fig_ralf_12gev_upgrade/tof_installed1.pdf used on
 input line 21.
(pdftex.def)             Requested size: 200.19054pt x 150.1394pt.

<ralf/fig_ralf_12gev_upgrade/tof_installed2.pdf, id=150, 963.6pt x 722.7pt>
File: ralf/fig_ralf_12gev_upgrade/tof_installed2.pdf Graphic file (type pdf)

<use ralf/fig_ralf_12gev_upgrade/tof_installed2.pdf>
Package pdftex.def Info: ralf/fig_ralf_12gev_upgrade/tof_installed2.pdf used on
 input line 21.
(pdftex.def)             Requested size: 200.19054pt x 150.1394pt.
) [2

 <./ralf/fig_ralf_12gev_upgrade/tof_installed1.pdf> <./ralf/fig_ralf_12gev_upgr
ade/tof_installed2.pdf>]
\openout2 = `evan/evan_ftof_requirements.aux'.

 (./evan/evan_ftof_requirements.tex
<evan/fig_evan_ftof_requirements/DeltaT.pdf, id=171, 569.12625pt x 430.60875pt>
File: evan/fig_evan_ftof_requirements/DeltaT.pdf Graphic file (type pdf)
<use evan/fig_evan_ftof_requirements/DeltaT.pdf>
Package pdftex.def Info: evan/fig_evan_ftof_requirements/DeltaT.pdf used on inp
ut line 16.
(pdftex.def)             Requested size: 170.71313pt x 170.71606pt.

<evan/fig_evan_ftof_requirements/c1_design.pdf, id=172, 569.12625pt x 430.60875
pt>
File: evan/fig_evan_ftof_requirements/c1_design.pdf Graphic file (type pdf)
 <use evan/fig_evan_ftof_requirements/c1_design.pdf>
Package pdftex.def Info: evan/fig_evan_ftof_requirements/c1_design.pdf used on 
input line 22.
(pdftex.def)             Requested size: 170.71313pt x 170.71606pt.


Package natbib Warning: Citation `smith1999time' on page 3 undefined on input l
ine 23.


Package natbib Warning: Citation `smith1999time' on page 3 undefined on input l
ine 23.


LaTeX Warning: `!h' float specifier changed to `!ht'.


<evan/fig_evan_ftof_requirements/c1_real.pdf, id=173, 569.12625pt x 430.60875pt
>
File: evan/fig_evan_ftof_requirements/c1_real.pdf Graphic file (type pdf)
 <use evan/fig_evan_ftof_requirements/c1_real.pdf>
Package pdftex.def Info: evan/fig_evan_ftof_requirements/c1_real.pdf used on in
put line 28.
(pdftex.def)             Requested size: 170.71313pt x 170.71606pt.


Package natbib Warning: Citation `smith1999time' on page 3 undefined on input l
ine 29.


Package natbib Warning: Citation `smith1999time' on page 3 undefined on input l
ine 29.


LaTeX Warning: `!h' float specifier changed to `!ht'.

<evan/fig_evan_ftof_requirements/p_max.pdf, id=174, 569.12625pt x 385.44pt>
File: evan/fig_evan_ftof_requirements/p_max.pdf Graphic file (type pdf)

<use evan/fig_evan_ftof_requirements/p_max.pdf>
Package pdftex.def Info: evan/fig_evan_ftof_requirements/p_max.pdf used on inpu
t line 38.
(pdftex.def)             Requested size: 200.19054pt x 135.58237pt.

<evan/fig_evan_ftof_requirements/res.pdf, id=175, 569.12625pt x 385.44pt>
File: evan/fig_evan_ftof_requirements/res.pdf Graphic file (type pdf)

<use evan/fig_evan_ftof_requirements/res.pdf>
Package pdftex.def Info: evan/fig_evan_ftof_requirements/res.pdf used on input 
line 38.
(pdftex.def)             Requested size: 200.19054pt x 135.58237pt.


LaTeX Warning: `!h' float specifier changed to `!ht'.

[3


 <./evan/fig_evan_ftof_requirements/DeltaT.pdf, page is rotated 90 degrees>]
[4 <./evan/fig_evan_ftof_requirements/c1_design.pdf, page is rotated 90 degrees
> <./evan/fig_evan_ftof_requirements/c1_real.pdf, page is rotated 90 degrees>])
[5 <./evan/fig_evan_ftof_requirements/p_max.pdf, page is rotated 90 degrees> <.
/evan/fig_evan_ftof_requirements/res.pdf, page is rotated 90 degrees>]
\openout2 = `gleb/gleb_source_method.aux'.


(./gleb/gleb_source_method.tex

Package hyperref Warning: Difference (2) between bookmark levels is greater 
(hyperref)                than one, level fixed on input line 1.

) [6


]
\openout2 = `gleb/gleb_thin_scintillator.aux'.

 (./gleb/gleb_thin_scintillator.tex

LaTeX Warning: No positions in optional float specifier.
               Default added (so using `tbp') on input line 7.


<gleb/fig_gleb_thin_scintillator/thin_method1.pdf, id=430, 697.60625pt x 166.62
25pt>
File: gleb/fig_gleb_thin_scintillator/thin_method1.pdf Graphic file (type pdf)
 <use gleb/fig_gleb_thin_scintillator/thin_method1.pdf>
Package pdftex.def Info: gleb/fig_gleb_thin_scintillator/thin_method1.pdf used 
on input line 9.
(pdftex.def)             Requested size: 450.43253pt x 107.58636pt.


LaTeX Warning: No positions in optional float specifier.
               Default added (so using `tbp') on input line 21.


<gleb/fig_gleb_thin_scintillator/thin_method2.pdf, id=434, 689.57625pt x 157.58
875pt>
File: gleb/fig_gleb_thin_scintillator/thin_method2.pdf Graphic file (type pdf)
 <use gleb/fig_gleb_thin_scintillator/thin_method2.pdf>
Package pdftex.def Info: gleb/fig_gleb_thin_scintillator/thin_method2.pdf used 
on input line 23.
(pdftex.def)             Requested size: 450.43253pt x 102.93883pt.
 [7


 <./gleb/fig_gleb_thin_scintillator/thin_method1.pdf> <./gleb/fig_gleb_thin_sci
ntillator/thin_method2.pdf>]) [8]
\openout2 = `gary/gary_three_bar.aux'.

 (./gary/gary_three_bar.tex
<gary/fig_gary_three_bar/Fig14-M.pdf, id=459, 717.68124pt x 143.53625pt>
File: gary/fig_gary_three_bar/Fig14-M.pdf Graphic file (type pdf)

<use gary/fig_gary_three_bar/Fig14-M.pdf>
Package pdftex.def Info: gary/fig_gary_three_bar/Fig14-M.pdf used on input line
 22.
(pdftex.def)             Requested size: 426.79134pt x 85.36021pt.
 [9


 <./gary/fig_gary_three_bar/Fig14-M.pdf>] [10]) [11]
\openout2 = `gary/gary_six_bar_method.aux'.

 (./gary/gary_six_bar_method.tex
<gary/fig_gary_six_bar_setup/6bar-setup.pdf, id=492, 723.70375pt x 288.07625pt>
File: gary/fig_gary_six_bar_setup/6bar-setup.pdf Graphic file (type pdf)
<use gary/fig_gary_six_bar_setup/6bar-setup.pdf>
Package pdftex.def Info: gary/fig_gary_six_bar_setup/6bar-setup.pdf used on inp
ut line 10.
(pdftex.def)             Requested size: 426.79134pt x 169.88878pt.

<gary/fig_gary_six_bar_combinations/6bar-combinations.pdf, id=493, 672.5125pt x
 446.66875pt>
File: gary/fig_gary_six_bar_combinations/6bar-combinations.pdf Graphic file (ty
pe pdf)
 <use gary/fig_gary_six_bar_combinations/6bar-combinations.pdf>
Package pdftex.def Info: gary/fig_gary_six_bar_combinations/6bar-combinations.p
df used on input line 28.
(pdftex.def)             Requested size: 426.79134pt x 283.46793pt.

[12


 <./gary/fig_gary_six_bar_setup/6bar-setup.pdf>] [13 <./gary/fig_gary_six_bar_c
ombinations/6bar-combinations.pdf>]) [14]
\openout2 = `gary/gary_six_bar_refinement.aux'.


(./gary/gary_six_bar_refinement.tex
Underfull \hbox (badness 10000) in paragraph at lines 2--11

 []


Underfull \hbox (badness 10000) in paragraph at lines 12--21

 []


<gary/fig_gary_six_bar_refinement/complementary.pdf, id=530, 897.3525pt x 400.4
9625pt>
File: gary/fig_gary_six_bar_refinement/complementary.pdf Graphic file (type pdf
)
 <use gary/fig_gary_six_bar_refinement/complementary.pdf>
Package pdftex.def Info: gary/fig_gary_six_bar_refinement/complementary.pdf use
d on input line 31.
(pdftex.def)             Requested size: 426.79134pt x 190.47603pt.
 [15


 <./gary/fig_gary_six_bar_refinement/complementary.pdf>] [16]) [17]
\openout2 = `evan/evan_electronics.aux'.


(./evan/evan_electronics.tex) [18


]
\openout2 = `evan/evan_tdc_testing.aux'.

 (./evan/evan_tdc_testing.tex
Underfull \hbox (badness 10000) in paragraph at lines 3--9

 []


LaTeX Warning: No positions in optional float specifier.
               Default added (so using `tbp') on input line 16.


<evan/fig_evan_tdc_testing/tdc_dnl_v1290n.pdf, id=564, 398.79822pt x 141.31895p
t>
File: evan/fig_evan_tdc_testing/tdc_dnl_v1290n.pdf Graphic file (type pdf)
 <use evan/fig_evan_tdc_testing/tdc_dnl_v1290n.pdf>
Package pdftex.def Info: evan/fig_evan_tdc_testing/tdc_dnl_v1290n.pdf used on i
nput line 18.
(pdftex.def)             Requested size: 398.79724pt x 141.31859pt.
 [19


 <./evan/fig_evan_tdc_testing/tdc_dnl_v1290n.pdf>]

LaTeX Warning: No positions in optional float specifier.
               Default added (so using `tbp') on input line 24.


<evan/fig_evan_tdc_testing/tdc_dnl_camac.pdf, id=717, 377.02455pt x 145.9464pt>
File: evan/fig_evan_tdc_testing/tdc_dnl_camac.pdf Graphic file (type pdf)
<use evan/fig_evan_tdc_testing/tdc_dnl_camac.pdf>
Package pdftex.def Info: evan/fig_evan_tdc_testing/tdc_dnl_camac.pdf used on in
put line 26.
(pdftex.def)             Requested size: 400.38872pt x 154.99861pt.


LaTeX Warning: No positions in optional float specifier.
               Default added (so using `tbp') on input line 30.

Package epstopdf Info: Source file: <evan/fig_evan_tdc_testing/placeholder.eps>

(epstopdf)                    date: 2014-10-26 16:46:25
(epstopdf)                    size: 3284 bytes
(epstopdf)             Output file: <evan/fig_evan_tdc_testing/placeholder-eps-
converted-to.pdf>
(epstopdf)                    date: 2014-10-26 16:46:25
(epstopdf)                    size: 4461 bytes
(epstopdf)             Command: <repstopdf --outfile=evan/fig_evan_tdc_testing/
placeholder-eps-converted-to.pdf evan/fig_evan_tdc_testing/placeholder.eps>
(epstopdf)             \includegraphics on input line 32.
Package epstopdf Info: Output file is already uptodate.

<evan/fig_evan_tdc_testing/placeholder-eps-converted-to.pdf, id=720, 400.49625p
t x 400.49625pt>
File: evan/fig_evan_tdc_testing/placeholder-eps-converted-to.pdf Graphic file (
type pdf)

<use evan/fig_evan_tdc_testing/placeholder-eps-converted-to.pdf>
Package pdftex.def Info: evan/fig_evan_tdc_testing/placeholder-eps-converted-to
.pdf used on input line 32.
(pdftex.def)             Requested size: 400.40971pt x 180.67386pt.
Package epstopdf Info: Source file: <evan/fig_evan_tdc_testing/placeholder.eps>

(epstopdf)                    date: 2014-10-26 16:46:25
(epstopdf)                    size: 3284 bytes
(epstopdf)             Output file: <evan/fig_evan_tdc_testing/placeholder-eps-
converted-to.pdf>
(epstopdf)                    date: 2014-10-26 16:46:25
(epstopdf)                    size: 4461 bytes
(epstopdf)             Command: <repstopdf --outfile=evan/fig_evan_tdc_testing/
placeholder-eps-converted-to.pdf evan/fig_evan_tdc_testing/placeholder.eps>
(epstopdf)             \includegraphics on input line 33.
Package epstopdf Info: Output file is already uptodate.
File: evan/fig_evan_tdc_testing/placeholder-eps-converted-to.pdf Graphic file (
type pdf)

<use evan/fig_evan_tdc_testing/placeholder-eps-converted-to.pdf>
Package pdftex.def Info: evan/fig_evan_tdc_testing/placeholder-eps-converted-to
.pdf used on input line 33.
(pdftex.def)             Requested size: 400.40971pt x 180.67386pt.


LaTeX Warning: No positions in optional float specifier.
               Default added (so using `tbp') on input line 39.

) [20 <./evan/fig_evan_tdc_testing/tdc_dnl_camac.pdf>] [21 <./evan/fig_evan_tdc
_testing/placeholder-eps-converted-to.pdf>]
\openout2 = `evan/evan_qdc_testing.aux'.

 (./evan/evan_qdc_testing.tex
Underfull \hbox (badness 10000) in paragraph at lines 3--8

 []


<evan/fig_evan_qdc_testing/placeholder.pdf, id=749, 400.49625pt x 400.49625pt>
File: evan/fig_evan_qdc_testing/placeholder.pdf Graphic file (type pdf)

<use evan/fig_evan_qdc_testing/placeholder.pdf>
Package pdftex.def Info: evan/fig_evan_qdc_testing/placeholder.pdf used on inpu
t line 13.
(pdftex.def)             Requested size: 180.67499pt x 180.67386pt.
File: evan/fig_evan_qdc_testing/placeholder.pdf Graphic file (type pdf)

<use evan/fig_evan_qdc_testing/placeholder.pdf>
Package pdftex.def Info: evan/fig_evan_qdc_testing/placeholder.pdf used on inpu
t line 19.
(pdftex.def)             Requested size: 252.94499pt x 252.94952pt.
File: evan/fig_evan_qdc_testing/placeholder.pdf Graphic file (type pdf)

<use evan/fig_evan_qdc_testing/placeholder.pdf>
Package pdftex.def Info: evan/fig_evan_qdc_testing/placeholder.pdf used on inpu
t line 32.
(pdftex.def)             Requested size: 224.03804pt x 202.35594pt.
File: evan/fig_evan_qdc_testing/placeholder.pdf Graphic file (type pdf)

<use evan/fig_evan_qdc_testing/placeholder.pdf>
Package pdftex.def Info: evan/fig_evan_qdc_testing/placeholder.pdf used on inpu
t line 32.
(pdftex.def)             Requested size: 224.03804pt x 202.35594pt.
 [22


 <./evan/fig_evan_qdc_testing/placeholder.pdf>]) [23] [24]
\openout2 = `evan/evan_discriminator_testing.aux'.

 (./evan/evan_discriminator_testing.tex
Underfull \hbox (badness 10000) in paragraph at lines 3--8

 []

) [25


]
\openout2 = `gleb/gleb_time_walk.aux'.

 (./gleb/gleb_time_walk.tex

LaTeX Warning: Reference `sec:six-bars' on page 26 undefined on input line 21.


LaTeX Warning: No positions in optional float specifier.
               Default added (so using `tbp') on input line 26.

<gleb/fig_gleb_time_walk/offset.pdf, id=787, 569.12625pt x 385.44pt>
File: gleb/fig_gleb_time_walk/offset.pdf Graphic file (type pdf)

<use gleb/fig_gleb_time_walk/offset.pdf>
Package pdftex.def Info: gleb/fig_gleb_time_walk/offset.pdf used on input line 
28.
(pdftex.def)             Requested size: 216.81pt x 146.83336pt.

<gleb/fig_gleb_time_walk/offset_shifted.pdf, id=788, 569.12625pt x 385.44pt>
File: gleb/fig_gleb_time_walk/offset_shifted.pdf Graphic file (type pdf)

<use gleb/fig_gleb_time_walk/offset_shifted.pdf>
Package pdftex.def Info: gleb/fig_gleb_time_walk/offset_shifted.pdf used on inp
ut line 29.
(pdftex.def)             Requested size: 216.81pt x 146.83336pt.
 [26


]

LaTeX Warning: No positions in optional float specifier.
               Default added (so using `tbp') on input line 39.

<gleb/fig_gleb_time_walk/vert_cut.pdf, id=802, 569.12625pt x 467.7475pt>
File: gleb/fig_gleb_time_walk/vert_cut.pdf Graphic file (type pdf)

<use gleb/fig_gleb_time_walk/vert_cut.pdf>
Package pdftex.def Info: gleb/fig_gleb_time_walk/vert_cut.pdf used on input lin
e 41.
(pdftex.def)             Requested size: 216.81pt x 178.1884pt.


LaTeX Warning: No positions in optional float specifier.
               Default added (so using `tbp') on input line 46.

<gleb/fig_gleb_time_walk/vert_cut_fit.pdf, id=805, 569.12625pt x 467.7475pt>
File: gleb/fig_gleb_time_walk/vert_cut_fit.pdf Graphic file (type pdf)

<use gleb/fig_gleb_time_walk/vert_cut_fit.pdf>
Package pdftex.def Info: gleb/fig_gleb_time_walk/vert_cut_fit.pdf used on input
 line 48.
(pdftex.def)             Requested size: 216.81pt x 178.1884pt.
 [27 <./gleb/fig_gleb_time_walk/offset.pdf, page is rotated 90 degrees> <./gleb
/fig_gleb_time_walk/offset_shifted.pdf, page is rotated 90 degrees>] [28 <./gle
b/fig_gleb_time_walk/vert_cut.pdf, page is rotated 90 degrees> <./gleb/fig_gleb
_time_walk/vert_cut_fit.pdf, page is rotated 90 degrees>]

LaTeX Warning: No positions in optional float specifier.
               Default added (so using `tbp') on input line 71.

<gleb/fig_gleb_time_walk/tw_param.pdf, id=997, 569.12625pt x 739.76375pt>
File: gleb/fig_gleb_time_walk/tw_param.pdf Graphic file (type pdf)

<use gleb/fig_gleb_time_walk/tw_param.pdf>
Package pdftex.def Info: gleb/fig_gleb_time_walk/tw_param.pdf used on input lin
e 73.
(pdftex.def)             Requested size: 361.34999pt x 469.71089pt.


LaTeX Warning: No positions in optional float specifier.
               Default added (so using `tbp') on input line 81.


<gleb/fig_gleb_time_walk/tw_params_1d.pdf, id=1001, 569.12625pt x 408.52625pt>
File: gleb/fig_gleb_time_walk/tw_params_1d.pdf Graphic file (type pdf)

<use gleb/fig_gleb_time_walk/tw_params_1d.pdf>
Package pdftex.def Info: gleb/fig_gleb_time_walk/tw_params_1d.pdf used on input
 line 83.
(pdftex.def)             Requested size: 361.34999pt x 259.39258pt.
) [29] [30 <./gleb/fig_gleb_time_walk/tw_param.pdf>] [31 <./gleb/fig_gleb_time_
walk/tw_params_1d.pdf, page is rotated 90 degrees>]
\openout2 = `arjun/arjun_pmt_resolution.aux'.

 (./arjun/arjun_pmt_resolution.tex
<arjun/fig_arjun_pmt_resolution/PMTcomparison.pdf, id=1106, 698.61pt x 473.77pt
>
File: arjun/fig_arjun_pmt_resolution/PMTcomparison.pdf Graphic file (type pdf)
 <use arjun/fig_arjun_pmt_resolution/PMTcomparison.pdf>
Package pdftex.def Info: arjun/fig_arjun_pmt_resolution/PMTcomparison.pdf used 
on input line 16.
(pdftex.def)             Requested size: 284.52382pt x 142.26222pt.
) [32


 <./arjun/fig_arjun_pmt_resolution/PMTcomparison.pdf>]
\openout2 = `arjun/arjun_threshold.aux'.

 (./arjun/arjun_threshold.tex
<arjun/fig_arjun_threshold/ThresholdsTimeRes.pdf, id=1120, 698.61pt x 473.77pt>
File: arjun/fig_arjun_threshold/ThresholdsTimeRes.pdf Graphic file (type pdf)
<use arjun/fig_arjun_threshold/ThresholdsTimeRes.pdf>
Package pdftex.def Info: arjun/fig_arjun_threshold/ThresholdsTimeRes.pdf used o
n input line 6.
(pdftex.def)             Requested size: 284.52382pt x 142.26222pt.
) [33


 <./arjun/fig_arjun_threshold/ThresholdsTimeRes.pdf>]
\openout2 = `arjun/arjun_magnetic_shielding.aux'.

 (./arjun/arjun_magnetic_shielding.tex
<arjun/fig_arjun_magnetic_shielding/placeholder.pdf, id=1132, 400.49625pt x 400
.49625pt>
File: arjun/fig_arjun_magnetic_shielding/placeholder.pdf Graphic file (type pdf
)
 <use arjun/fig_arjun_magnetic_shielding/placeholder.pdf>
Package pdftex.def Info: arjun/fig_arjun_magnetic_shielding/placeholder.pdf use
d on input line 5.
(pdftex.def)             Requested size: 180.67499pt x 180.67386pt.
File: arjun/fig_arjun_magnetic_shielding/placeholder.pdf Graphic file (type pdf
)

<use arjun/fig_arjun_magnetic_shielding/placeholder.pdf>
Package pdftex.def Info: arjun/fig_arjun_magnetic_shielding/placeholder.pdf use
d on input line 15.
(pdftex.def)             Requested size: 180.67499pt x 180.67386pt.


Package natbib Warning: Citation `Steinman' on page 34 undefined on input line 
20.


Package natbib Warning: Citation `Steinman' on page 34 undefined on input line 
22.

[34


 <./arjun/fig_arjun_magnetic_shielding/placeholder.pdf>]

Package natbib Warning: Citation `Steinman' on page 35 undefined on input line 
24.


Package natbib Warning: Citation `CLAS12FTOFstudies' on page 35 undefined on in
put line 24.

) [35]
\openout2 = `arjun/arjun_design.aux'.

 (./arjun/arjun_design.tex) [36


]
\openout2 = `arjun/arjun_external_shielding.aux'.

 (./arjun/arjun_external_shielding.tex)
[37


]
\openout2 = `arjun/arjun_shielding_implementation.aux'.

 (./arjun/arjun_shielding_implementation.tex) [38


]
\openout2 = `arjun/arjun_field_tolerance.aux'.


(./arjun/arjun_field_tolerance.tex

Package natbib Warning: Citation `CLAS12FTOFstudies' on page 39 undefined on in
put line 1.

) [39


]
\openout2 = `arjun/arjun_results.aux'.

 (./arjun/arjun_results.tex) [40


]
\openout2 = `ye/ye_geometry.aux'.

 (./ye/ye_geometry.tex

Package natbib Warning: Citation `smith1999time' on page 41 undefined on input 
line 10.

<ye/fig_ye_geometry/DR.pdf, id=1175, 569.12625pt x 430.60875pt>
File: ye/fig_ye_geometry/DR.pdf Graphic file (type pdf)

<use ye/fig_ye_geometry/DR.pdf>
Package pdftex.def Info: ye/fig_ye_geometry/DR.pdf used on input line 12.
(pdftex.def)             Requested size: 369.90163pt x 284.53117pt.


Package natbib Warning: Citation `smith1999time' on page 41 undefined on input 
line 13.


Package natbib Warning: Citation `smith1999time' on page 41 undefined on input 
line 13.

[41


] <ye/fig_ye_geometry/TR_LG.pdf, id=1183, 569.12625pt x 551.05875pt>
File: ye/fig_ye_geometry/TR_LG.pdf Graphic file (type pdf)

<use ye/fig_ye_geometry/TR_LG.pdf>
Package pdftex.def Info: ye/fig_ye_geometry/TR_LG.pdf used on input line 22.
(pdftex.def)             Requested size: 426.8089pt x 341.44267pt.
) [42 <./ye/fig_ye_geometry/DR.pdf, page is rotated 90 degrees>] [43 <./ye/fig_
ye_geometry/TR_LG.pdf, page is rotated 90 degrees>]
\openout2 = `ye/ye_scintillator.aux'.

 (./ye/ye_scintillator.tex

Package natbib Warning: Citation `smith1999time' on page 44 undefined on input 
line 23.

<ye/fig_ye_scintillator/s0.pdf, id=1285, 437.635pt x 304.13625pt>
File: ye/fig_ye_scintillator/s0.pdf Graphic file (type pdf)

<use ye/fig_ye_scintillator/s0.pdf>
Package pdftex.def Info: ye/fig_ye_scintillator/s0.pdf used on input line 26.
(pdftex.def)             Requested size: 369.888pt x 284.533pt.
 [44


]
<ye/fig_ye_scintillator/c2_L.pdf, id=1297, 569.12625pt x 387.4475pt>
File: ye/fig_ye_scintillator/c2_L.pdf Graphic file (type pdf)

<use ye/fig_ye_scintillator/c2_L.pdf>
Package pdftex.def Info: ye/fig_ye_scintillator/c2_L.pdf used on input line 49.

(pdftex.def)             Requested size: 180.67499pt x 122.99843pt.

<ye/fig_ye_scintillator/c2_R.pdf, id=1298, 569.12625pt x 387.4475pt>
File: ye/fig_ye_scintillator/c2_R.pdf Graphic file (type pdf)

<use ye/fig_ye_scintillator/c2_R.pdf>
Package pdftex.def Info: ye/fig_ye_scintillator/c2_R.pdf used on input line 53.

(pdftex.def)             Requested size: 180.67499pt x 122.99843pt.
 [45 <./ye/fig_ye_scintillator/s0.pdf>]
<ye/fig_ye_scintillator/ADC.pdf, id=1310, 569.12625pt x 365.365pt>
File: ye/fig_ye_scintillator/ADC.pdf Graphic file (type pdf)

<use ye/fig_ye_scintillator/ADC.pdf>
Package pdftex.def Info: ye/fig_ye_scintillator/ADC.pdf used on input line 63.
(pdftex.def)             Requested size: 369.90163pt x 284.54312pt.

<ye/fig_ye_scintillator/c1_TL.pdf, id=1311, 569.12625pt x 387.4475pt>
File: ye/fig_ye_scintillator/c1_TL.pdf Graphic file (type pdf)

<use ye/fig_ye_scintillator/c1_TL.pdf>
Package pdftex.def Info: ye/fig_ye_scintillator/c1_TL.pdf used on input line 75
.
(pdftex.def)             Requested size: 216.81pt x 147.59811pt.

<ye/fig_ye_scintillator/c1_TR.pdf, id=1312, 569.12625pt x 387.4475pt>
File: ye/fig_ye_scintillator/c1_TR.pdf Graphic file (type pdf)

<use ye/fig_ye_scintillator/c1_TR.pdf>
Package pdftex.def Info: ye/fig_ye_scintillator/c1_TR.pdf used on input line 79
.
(pdftex.def)             Requested size: 216.81pt x 147.59811pt.


LaTeX Warning: `!h' float specifier changed to `!ht'.

[46 <./ye/fig_ye_scintillator/c2_L.pdf, page is rotated 90 degrees> <./ye/fig_y
e_scintillator/c2_R.pdf, page is rotated 90 degrees>] [47 <./ye/fig_ye_scintill
ator/ADC.pdf, page is rotated 90 degrees> <./ye/fig_ye_scintillator/c1_TL.pdf, 
page is rotated 90 degrees> <./ye/fig_ye_scintillator/c1_TR.pdf, page is rotate
d 90 degrees>]
Overfull \hbox (39.40845pt too wide) in paragraph at lines 93--119
 [][] 
 []


Overfull \hbox (33.53351pt too wide) in paragraph at lines 125--151
 [][] 
 []

[48

] <ye/fig_ye_scintillator/S2.pdf, id=1546, 432.61626pt x 316.18124pt>
File: ye/fig_ye_scintillator/S2.pdf Graphic file (type pdf)

<use ye/fig_ye_scintillator/S2.pdf>
Package pdftex.def Info: ye/fig_ye_scintillator/S2.pdf used on input line 160.
(pdftex.def)             Requested size: 369.90395pt x 284.546pt.


Package natbib Warning: Citation `clasclas12' on page 49 undefined on input lin
e 161.


Package natbib Warning: Citation `clasclas12' on page 49 undefined on input lin
e 161.

) [49

 <./ye/fig_ye_scintillator/S2.pdf>]
\openout2 = `ye/ye_wrap.aux'.

 (./ye/ye_wrap.tex
<ye/fig_ye_wrap/R1.pdf, id=1556, 448.67625pt x 321.2pt>
File: ye/fig_ye_wrap/R1.pdf Graphic file (type pdf)

<use ye/fig_ye_wrap/R1.pdf>
Package pdftex.def Info: ye/fig_ye_wrap/R1.pdf used on input line 10.
(pdftex.def)             Requested size: 369.89546pt x 284.534pt.


LaTeX Warning: `h' float specifier changed to `ht'.

) [50


] [51 <./ye/fig_ye_wrap/R1.pdf>]
\openout2 = `ye/ye_cables.aux'.

 (./ye/ye_cables.tex
Overfull \hbox (36.79324pt too wide) in paragraph at lines 18--44
 [] 
 []

) [52


] [53]
\openout2 = `ye/ye_construction.aux'.

 (./ye/ye_construction.tex [54


]
<ye/fig_ye_construction/tape-replace.pdf, id=1597, 1141.26375pt x 75.28125pt>
File: ye/fig_ye_construction/tape-replace.pdf Graphic file (type pdf)

<use ye/fig_ye_construction/tape-replace.pdf>
Package pdftex.def Info: ye/fig_ye_construction/tape-replace.pdf used on input 
line 19.
(pdftex.def)             Requested size: 426.78868pt x 28.45323pt.

<ye/fig_ye_construction/fig-tape4.pdf, id=1598, 369.38pt x 469.755pt>
File: ye/fig_ye_construction/fig-tape4.pdf Graphic file (type pdf)

<use ye/fig_ye_construction/fig-tape4.pdf>
Package pdftex.def Info: ye/fig_ye_construction/fig-tape4.pdf used on input lin
e 27.
(pdftex.def)             Requested size: 144.54pt x 183.81297pt.

<ye/fig_ye_construction/fig-tape3.pdf, id=1599, 365.365pt x 469.755pt>
File: ye/fig_ye_construction/fig-tape3.pdf Graphic file (type pdf)

<use ye/fig_ye_construction/fig-tape3.pdf>
Package pdftex.def Info: ye/fig_ye_construction/fig-tape3.pdf used on input lin
e 31.
(pdftex.def)             Requested size: 144.54pt x 185.83432pt.

<ye/fig_ye_construction/fig-tape2.pdf, id=1600, 365.365pt x 469.755pt>
File: ye/fig_ye_construction/fig-tape2.pdf Graphic file (type pdf)

<use ye/fig_ye_construction/fig-tape2.pdf>
Package pdftex.def Info: ye/fig_ye_construction/fig-tape2.pdf used on input lin
e 38.
(pdftex.def)             Requested size: 142.2632pt x 199.16656pt.


LaTeX Warning: `!h' float specifier changed to `!ht'.


<ye/fig_ye_construction/sector-31-wraping.pdf, id=1601, 6530.3975pt x 1764.5925
pt>
File: ye/fig_ye_construction/sector-31-wraping.pdf Graphic file (type pdf)
 <use ye/fig_ye_construction/sector-31-wraping.pdf>
Package pdftex.def Info: ye/fig_ye_construction/sector-31-wraping.pdf used on i
nput line 45.
(pdftex.def)             Requested size: 512.07933pt x 113.78706pt.


LaTeX Warning: `!h' float specifier changed to `!ht'.

[55 <./ye/fig_ye_construction/tape-replace.pdf> <./ye/fig_ye_construction/fig-t
ape4.pdf> <./ye/fig_ye_construction/fig-tape3.pdf>]
<ye/fig_ye_construction/sector.pdf, id=1629, 10647.78pt x 10928.83pt>
File: ye/fig_ye_construction/sector.pdf Graphic file (type pdf)

<use ye/fig_ye_construction/sector.pdf>
Package pdftex.def Info: ye/fig_ye_construction/sector.pdf used on input line 5
1.
(pdftex.def)             Requested size: 512.11122pt x 512.1209pt.


LaTeX Warning: `!h' float specifier changed to `!ht'.

) [56 <./ye/fig_ye_construction/fig-tape2.pdf> <./ye/fig_ye_construction/sector
-31-wraping.pdf>] [57 <./ye/fig_ye_construction/sector.pdf>]
\openout2 = `nick/nick_pmt_test.aux'.


(./nick/nick_pmt_test.tex
Underfull \hbox (badness 10000) in paragraph at lines 6--7

 []


Underfull \hbox (badness 10000) in paragraph at lines 15--37

 []

[58


]
<ye/fig_ye_pmt_test/dark_curr_measured.pdf, id=1660, 569.12625pt x 385.44pt>
File: ye/fig_ye_pmt_test/dark_curr_measured.pdf Graphic file (type pdf)

<use ye/fig_ye_pmt_test/dark_curr_measured.pdf>
Package pdftex.def Info: ye/fig_ye_pmt_test/dark_curr_measured.pdf used on inpu
t line 40.
(pdftex.def)             Requested size: 227.6204pt x 170.71158pt.

<ye/fig_ye_pmt_test/dark_curr_factory.pdf, id=1661, 569.12625pt x 385.44pt>
File: ye/fig_ye_pmt_test/dark_curr_factory.pdf Graphic file (type pdf)

<use ye/fig_ye_pmt_test/dark_curr_factory.pdf>
Package pdftex.def Info: ye/fig_ye_pmt_test/dark_curr_factory.pdf used on input
 line 46.
(pdftex.def)             Requested size: 227.6204pt x 170.71158pt.

<ye/fig_ye_pmt_test/dark_curr_ratio.pdf, id=1662, 569.12625pt x 385.44pt>
File: ye/fig_ye_pmt_test/dark_curr_ratio.pdf Graphic file (type pdf)

<use ye/fig_ye_pmt_test/dark_curr_ratio.pdf>
Package pdftex.def Info: ye/fig_ye_pmt_test/dark_curr_ratio.pdf used on input l
ine 52.
(pdftex.def)             Requested size: 227.6204pt x 170.71158pt.

Underfull \hbox (badness 10000) in paragraph at lines 57--63

 []

[59 <./ye/fig_ye_pmt_test/dark_curr_measured.pdf, page is rotated 90 degrees> <
./ye/fig_ye_pmt_test/dark_curr_factory.pdf, page is rotated 90 degrees>]
Underfull \hbox (badness 10000) in paragraph at lines 64--75

 []

<ye/fig_ye_pmt_test/gain.pdf, id=1756, 569.12625pt x 385.44pt>
File: ye/fig_ye_pmt_test/gain.pdf Graphic file (type pdf)

<use ye/fig_ye_pmt_test/gain.pdf>
Package pdftex.def Info: ye/fig_ye_pmt_test/gain.pdf used on input line 82.
(pdftex.def)             Requested size: 227.6204pt x 170.71158pt.
 [60 <./ye/fig_ye_pmt_test/dark_curr_ratio.pdf, page is rotated 90 degrees>]
<ye/fig_ye_pmt_test/alpha.pdf, id=1805, 569.12625pt x 385.44pt>
File: ye/fig_ye_pmt_test/alpha.pdf Graphic file (type pdf)

<use ye/fig_ye_pmt_test/alpha.pdf>
Package pdftex.def Info: ye/fig_ye_pmt_test/alpha.pdf used on input line 89.
(pdftex.def)             Requested size: 227.6204pt x 170.71158pt.

Underfull \hbox (badness 10000) in paragraph at lines 94--148

 []

[61 <./ye/fig_ye_pmt_test/gain.pdf, page is rotated 90 degrees> <./ye/fig_ye_pm
t_test/alpha.pdf, page is rotated 90 degrees>] [62] [63]
Underfull \hbox (badness 10000) in paragraph at lines 165--180

 []

[64]
Underfull \hbox (badness 10000) in paragraph at lines 181--192

 []

<ye/fig_ye_pmt_test/sector-31-35.pdf, id=1912, 7136.6625pt x 1027.84pt>
File: ye/fig_ye_pmt_test/sector-31-35.pdf Graphic file (type pdf)

<use ye/fig_ye_pmt_test/sector-31-35.pdf>
Package pdftex.def Info: ye/fig_ye_pmt_test/sector-31-35.pdf used on input line
 196.
(pdftex.def)             Requested size: 369.81273pt x 85.3499pt.
) [65] [66 <./ye/fig_ye_pmt_test/sector-31-35.pdf>] [67]
\openout2 = `gleb/gleb_quality_control.aux'.

 (./gleb/gleb_quality_control.tex

LaTeX Warning: No positions in optional float specifier.
               Default added (so using `tbp') on input line 19.


<gleb/fig_gleb_quality_control/db_chart.pdf, id=1937, 465.70988pt x 614.295pt>
File: gleb/fig_gleb_quality_control/db_chart.pdf Graphic file (type pdf)

<use gleb/fig_gleb_quality_control/db_chart.pdf>
Package pdftex.def Info: gleb/fig_gleb_quality_control/db_chart.pdf used on inp
ut line 21.
(pdftex.def)             Requested size: 450.43253pt x 594.16884pt.

Overfull \hbox (127.09366pt too wide) in paragraph at lines 31--35
[]\OT1/cmr/m/it/12 Note: note: study of re-quired num-ber of po-si-tional mea-s
ure-ments at $\OML/cmm/m/it/12 https \OT1/cmr/m/n/12 : \OML/cmm/m/it/12 ==clasw
eb:jlab:org=wiki=index:php=TOF\OT1/cmr/m/n/12 12 :
 []

[68


] [69 <./gleb/fig_gleb_quality_control/db_chart.pdf>]

LaTeX Warning: Reference `sec:six-bars' on page 70 undefined on input line 41.


LaTeX Warning: Reference `sect:refin' on page 70 undefined on input line 41.


LaTeX Warning: Reference `sect:refin' on page 70 undefined on input line 43.

) [70]
\openout2 = `gleb/gleb_time_resol.aux'.

 (./gleb/gleb_time_resol.tex

LaTeX Warning: Reference `sect:three-bar' on page 71 undefined on input line 3.



LaTeX Warning: Reference `6bar' on page 71 undefined on input line 3.


LaTeX Warning: Reference `eq:resol_time' on page 71 undefined on input line 3.


LaTeX Warning: Reference `f:res' on page 71 undefined on input line 3.


LaTeX Warning: Reference `6bar_compl' on page 71 undefined on input line 12.


LaTeX Warning: Reference `eq:linear_6bar' on page 71 undefined on input line 13
.


LaTeX Warning: Reference `sec:six-bars' on page 71 undefined on input line 13.


LaTeX Warning: No positions in optional float specifier.
               Default added (so using `tbp') on input line 16.


<gleb/fig_gleb_time_resol/resolution_203.pdf, id=1972, 569.12625pt x 408.52625p
t>
File: gleb/fig_gleb_time_resol/resolution_203.pdf Graphic file (type pdf)
 <use gleb/fig_gleb_time_resol/resolution_203.pdf>
Package pdftex.def Info: gleb/fig_gleb_time_resol/resolution_203.pdf used on in
put line 18.
(pdftex.def)             Requested size: 300.29344pt x 215.56413pt.


LaTeX Warning: No positions in optional float specifier.
               Default added (so using `tbp') on input line 22.


<gleb/fig_gleb_time_resol/avrg_resol_203.pdf, id=1973, 569.12625pt x 385.44pt>
File: gleb/fig_gleb_time_resol/avrg_resol_203.pdf Graphic file (type pdf)

<use gleb/fig_gleb_time_resol/avrg_resol_203.pdf>
Package pdftex.def Info: gleb/fig_gleb_time_resol/avrg_resol_203.pdf used on in
put line 24.
(pdftex.def)             Requested size: 300.29344pt x 203.38239pt.
) [71


 <./gleb/fig_gleb_time_resol/resolution_203.pdf, page is rotated 90 degrees>] [
72 <./gleb/fig_gleb_time_resol/avrg_resol_203.pdf, page is rotated 90 degrees>]
\openout2 = `gleb/gleb_att_length.aux'.


(./gleb/gleb_att_length.tex

LaTeX Warning: Reference `sect:refin' on page 73 undefined on input line 12.


LaTeX Warning: No positions in optional float specifier.
               Default added (so using `tbp') on input line 17.

<gleb/fig_gleb_att_length/tdc_diff.pdf, id=2073, 569.12625pt x 467.7475pt>
File: gleb/fig_gleb_att_length/tdc_diff.pdf Graphic file (type pdf)

<use gleb/fig_gleb_att_length/tdc_diff.pdf>
Package pdftex.def Info: gleb/fig_gleb_att_length/tdc_diff.pdf used on input li
ne 19.
(pdftex.def)             Requested size: 300.29344pt x 246.81299pt.
 [73


 <./gleb/fig_gleb_att_length/tdc_diff.pdf, page is rotated 90 degrees>]

LaTeX Warning: No positions in optional float specifier.
               Default added (so using `tbp') on input line 40.

<gleb/fig_gleb_att_length/att_langau.pdf, id=2130, 569.12625pt x 690.58pt>
File: gleb/fig_gleb_att_length/att_langau.pdf Graphic file (type pdf)

<use gleb/fig_gleb_att_length/att_langau.pdf>
Package pdftex.def Info: gleb/fig_gleb_att_length/att_langau.pdf used on input 
line 42.
(pdftex.def)             Requested size: 200.19054pt x 242.91841pt.

<gleb/fig_gleb_att_length/maximum.pdf, id=2131, 569.12625pt x 690.58pt>
File: gleb/fig_gleb_att_length/maximum.pdf Graphic file (type pdf)

<use gleb/fig_gleb_att_length/maximum.pdf>
Package pdftex.def Info: gleb/fig_gleb_att_length/maximum.pdf used on input lin
e 43.
(pdftex.def)             Requested size: 200.19054pt x 242.91841pt.
 [74 <./gleb/fig_gleb_att_length/att_langau.pdf> <./gleb/fig_gleb_att_length/ma
ximum.pdf>]

LaTeX Warning: No positions in optional float specifier.
               Default added (so using `tbp') on input line 57.

<gleb/fig_gleb_att_length/att_length.pdf, id=2231, 569.12625pt x 385.44pt>
File: gleb/fig_gleb_att_length/att_length.pdf Graphic file (type pdf)

<use gleb/fig_gleb_att_length/att_length.pdf>
Package pdftex.def Info: gleb/fig_gleb_att_length/att_length.pdf used on input 
line 59.
(pdftex.def)             Requested size: 300.29344pt x 203.38239pt.
 [75 <./gleb/fig_gleb_att_length/att_length.pdf, page is rotated 90 degrees>]

LaTeX Warning: No positions in optional float specifier.
               Default added (so using `tbp') on input line 67.

<gleb/fig_gleb_att_length/att_vs_barnum.pdf, id=2286, 569.12625pt x 385.44pt>
File: gleb/fig_gleb_att_length/att_vs_barnum.pdf Graphic file (type pdf)

<use gleb/fig_gleb_att_length/att_vs_barnum.pdf>
Package pdftex.def Info: gleb/fig_gleb_att_length/att_vs_barnum.pdf used on inp
ut line 69.
(pdftex.def)             Requested size: 400.38872pt x 271.17651pt.


LaTeX Warning: No positions in optional float specifier.
               Default added (so using `tbp') on input line 78.

<gleb/fig_gleb_att_length/c_eff.pdf, id=2287, 569.12625pt x 385.44pt>
File: gleb/fig_gleb_att_length/c_eff.pdf Graphic file (type pdf)

<use gleb/fig_gleb_att_length/c_eff.pdf>
Package pdftex.def Info: gleb/fig_gleb_att_length/c_eff.pdf used on input line 
80.
(pdftex.def)             Requested size: 300.29344pt x 203.38239pt.
) [76 <./gleb/fig_gleb_att_length/att_vs_barnum.pdf, page is rotated 90 degrees
>] [77 <./gleb/fig_gleb_att_length/c_eff.pdf, page is rotated 90 degrees>]
\openout2 = `gleb/gleb_summary.aux'.

 (./gleb/gleb_summary.tex) [78


]
(./nim_tof12.bbl)

Package natbib Warning: There were undefined citations.

Package atveryend Info: Empty hook `BeforeClearDocument' on input line 133.
[79

]
Package atveryend Info: Empty hook `AfterLastShipout' on input line 133.
 (./nim_tof12.aux (./ralf/ralf_12gev_upgrade.aux)
(./evan/evan_ftof_requirements.aux) (./gleb/gleb_source_method.aux)
(./gleb/gleb_thin_scintillator.aux) (./gary/gary_three_bar.aux)
(./gary/gary_six_bar_method.aux) (./gary/gary_six_bar_refinement.aux)
(./evan/evan_electronics.aux) (./evan/evan_tdc_testing.aux)
(./evan/evan_qdc_testing.aux) (./evan/evan_discriminator_testing.aux)
(./gleb/gleb_time_walk.aux) (./arjun/arjun_pmt_resolution.aux)
(./arjun/arjun_threshold.aux) (./arjun/arjun_magnetic_shielding.aux)
(./arjun/arjun_design.aux) (./arjun/arjun_external_shielding.aux)
(./arjun/arjun_shielding_implementation.aux) (./arjun/arjun_field_tolerance.aux
) (./arjun/arjun_results.aux) (./ye/ye_geometry.aux) (./ye/ye_scintillator.aux)
(./ye/ye_wrap.aux) (./ye/ye_cables.aux) (./ye/ye_construction.aux)
(./nick/nick_pmt_test.aux) (./gleb/gleb_quality_control.aux)
(./gleb/gleb_time_resol.aux) (./gleb/gleb_att_length.aux)
(./gleb/gleb_summary.aux))
Package atveryend Info: Executing hook `AtVeryEndDocument' on input line 133.
Package atveryend Info: Executing hook `AtEndAfterFileList' on input line 133.
Package rerunfilecheck Info: File `nim_tof12.out' has not changed.
(rerunfilecheck)             Checksum: 912E1F28649086561B8AA74254FC6196;2550.


LaTeX Warning: There were undefined references.

Package atveryend Info: Empty hook `AtVeryVeryEnd' on input line 133.
 ) 
Here is how much of TeX's memory you used:
 21035 strings out of 494985
 393667 string characters out of 6180355
 487867 words of memory out of 5000000
 23422 multiletter control sequences out of 15000+600000
 15451 words of font info for 60 fonts, out of 8000000 for 9000
 36 hyphenation exceptions out of 8191
 44i,10n,77p,10430b,745s stack positions out of 5000i,500n,10000p,200000b,80000s
</usr/share/texlive/texmf-dist/fonts/type1/public/amsfonts/cm/cmbx10.pfb></us
r/share/texlive/texmf-dist/fonts/type1/public/amsfonts/cm/cmbx12.pfb></usr/shar
e/texlive/texmf-dist/fonts/type1/public/amsfonts/cm/cmex10.pfb></usr/share/texl
ive/texmf-dist/fonts/type1/public/amsfonts/cm/cmmi10.pfb></usr/share/texlive/te
xmf-dist/fonts/type1/public/amsfonts/cm/cmmi12.pfb></usr/share/texlive/texmf-di
st/fonts/type1/public/amsfonts/cm/cmmi6.pfb></usr/share/texlive/texmf-dist/font
s/type1/public/amsfonts/cm/cmmi7.pfb></usr/share/texlive/texmf-dist/fonts/type1
/public/amsfonts/cm/cmmi8.pfb></usr/share/texlive/texmf-dist/fonts/type1/public
/amsfonts/cm/cmr10.pfb></usr/share/texlive/texmf-dist/fonts/type1/public/amsfon
ts/cm/cmr12.pfb></usr/share/texlive/texmf-dist/fonts/type1/public/amsfonts/cm/c
mr17.pfb></usr/share/texlive/texmf-dist/fonts/type1/public/amsfonts/cm/cmr6.pfb
></usr/share/texlive/texmf-dist/fonts/type1/public/amsfonts/cm/cmr7.pfb></usr/s
hare/texlive/texmf-dist/fonts/type1/public/amsfonts/cm/cmr8.pfb></usr/share/tex
live/texmf-dist/fonts/type1/public/amsfonts/cm/cmsy10.pfb></usr/share/texlive/t
exmf-dist/fonts/type1/public/amsfonts/cm/cmsy7.pfb></usr/share/texlive/texmf-di
st/fonts/type1/public/amsfonts/cm/cmsy8.pfb></usr/share/texlive/texmf-dist/font
s/type1/public/amsfonts/cm/cmti10.pfb></usr/share/texlive/texmf-dist/fonts/type
1/public/amsfonts/cm/cmti12.pfb></usr/share/texlive/texmf-dist/fonts/type1/publ
ic/amsfonts/cm/cmti7.pfb></usr/share/texlive/texmf-dist/fonts/type1/public/amsf
onts/cm/cmtt12.pfb></usr/share/texlive/texmf-dist/fonts/type1/urw/helvetic/uhvr
8a.pfb>
Output written on nim_tof12.pdf (79 pages, 8869285 bytes).
PDF statistics:
 2513 PDF objects out of 2984 (max. 8388607)
 1406 compressed objects within 15 object streams
 228 named destinations out of 1000 (max. 500000)
 550 words of extra memory for PDF output out of 10000 (max. 10000000)

